

Microchip MPLAB XC8 Assembler V2.31 build 20201012212115 
                                                                                               Tue Sep 07 22:31:18 2021

Microchip MPLAB XC8 C Compiler v2.31 (Free license) build 20201012212115 Og1 
     1                           	processor	16F887
     2                           	pagewidth 120
     3                           	opt	flic
     4                           	psect	cinit,global,class=CODE,merge=1,delta=2
     5                           	psect	cstackCOMMON,global,class=COMMON,space=1,delta=1,noexec
     6                           	psect	maintext,global,class=CODE,split=1,delta=2
     7                           	psect	text1,local,class=CODE,merge=1,delta=2
     8                           	psect	text2,local,class=CODE,merge=1,delta=2
     9                           	psect	intentry,global,class=CODE,delta=2
    10                           	psect	config,global,abs,ovrld,class=CONFIG,space=4,delta=2,noexec
    11                           	dabs	1,0x7E,2
    12  0000                     
    13                           ; Version 2.20
    14                           ; Generated 12/02/2020 GMT
    15                           ; 
    16                           ; Copyright © 2020, Microchip Technology Inc. and its subsidiaries ("Microchip")
    17                           ; All rights reserved.
    18                           ; 
    19                           ; This software is developed by Microchip Technology Inc. and its subsidiaries ("Microch
      +                          ip").
    20                           ; 
    21                           ; Redistribution and use in source and binary forms, with or without modification, are
    22                           ; permitted provided that the following conditions are met:
    23                           ; 
    24                           ;     1. Redistributions of source code must retain the above copyright notice, this lis
      +                          t of
    25                           ;        conditions and the following disclaimer.
    26                           ; 
    27                           ;     2. Redistributions in binary form must reproduce the above copyright notice, this 
      +                          list
    28                           ;        of conditions and the following disclaimer in the documentation and/or other
    29                           ;        materials provided with the distribution.
    30                           ; 
    31                           ;     3. Microchip's name may not be used to endorse or promote products derived from th
      +                          is
    32                           ;        software without specific prior written permission.
    33                           ; 
    34                           ; THIS SOFTWARE IS PROVIDED BY MICROCHIP "AS IS" AND ANY EXPRESS OR IMPLIED WARRANTIES,
    35                           ; INCLUDING, BUT NOT LIMITED TO, THE IMPLIED WARRANTIES OF MERCHANTABILITY AND FITNESS F
      +                          OR
    36                           ; PURPOSE ARE DISCLAIMED.  IN NO EVENT SHALL MICROCHIP BE LIABLE FOR ANY DIRECT, INDIREC
      +                          T,
    37                           ; INCIDENTAL, SPECIAL, EXEMPLARY, OR CONSEQUENTIAL DAMAGES (INCLUDING BUT NOT LIMITED TO
    38                           ; PROCUREMENT OF SUBSTITUTE GOODS OR SERVICES; LOSS OF USE, DATA OR PROFITS; OR BUSINESS
    39                           ; INTERRUPTION) HOWSOEVER CAUSED AND ON ANY THEORY OF LIABILITY, WHETHER IN CONTRACT, ST
      +                          RICT
    40                           ; LIABILITY, OR TORT (INCLUDING NEGLIGENCE OR OTHERWISE) ARISING IN ANY WAY OUT OF THE U
      +                          SE OF
    41                           ; THIS SOFTWARE, EVEN IF ADVISED OF THE POSSIBILITY OF SUCH DAMAGE.
    42                           ; 
    43                           ; 
    44                           ; Code-generator required, PIC16F887 Definitions
    45                           ; 
    46                           ; SFR Addresses
    47  0000                     	;# 
    48  0001                     	;# 
    49  0002                     	;# 
    50  0003                     	;# 
    51  0004                     	;# 
    52  0005                     	;# 
    53  0006                     	;# 
    54  0007                     	;# 
    55  0008                     	;# 
    56  0009                     	;# 
    57  000A                     	;# 
    58  000B                     	;# 
    59  000C                     	;# 
    60  000D                     	;# 
    61  000E                     	;# 
    62  000E                     	;# 
    63  000F                     	;# 
    64  0010                     	;# 
    65  0011                     	;# 
    66  0012                     	;# 
    67  0013                     	;# 
    68  0014                     	;# 
    69  0015                     	;# 
    70  0015                     	;# 
    71  0016                     	;# 
    72  0017                     	;# 
    73  0018                     	;# 
    74  0019                     	;# 
    75  001A                     	;# 
    76  001B                     	;# 
    77  001B                     	;# 
    78  001C                     	;# 
    79  001D                     	;# 
    80  001E                     	;# 
    81  001F                     	;# 
    82  0081                     	;# 
    83  0085                     	;# 
    84  0086                     	;# 
    85  0087                     	;# 
    86  0088                     	;# 
    87  0089                     	;# 
    88  008C                     	;# 
    89  008D                     	;# 
    90  008E                     	;# 
    91  008F                     	;# 
    92  0090                     	;# 
    93  0091                     	;# 
    94  0092                     	;# 
    95  0093                     	;# 
    96  0093                     	;# 
    97  0093                     	;# 
    98  0094                     	;# 
    99  0095                     	;# 
   100  0096                     	;# 
   101  0097                     	;# 
   102  0098                     	;# 
   103  0099                     	;# 
   104  009A                     	;# 
   105  009B                     	;# 
   106  009C                     	;# 
   107  009D                     	;# 
   108  009E                     	;# 
   109  009F                     	;# 
   110  0105                     	;# 
   111  0107                     	;# 
   112  0108                     	;# 
   113  0109                     	;# 
   114  010C                     	;# 
   115  010C                     	;# 
   116  010D                     	;# 
   117  010E                     	;# 
   118  010F                     	;# 
   119  0185                     	;# 
   120  0187                     	;# 
   121  0188                     	;# 
   122  0189                     	;# 
   123  018C                     	;# 
   124  018D                     	;# 
   125  0000                     	;# 
   126  0001                     	;# 
   127  0002                     	;# 
   128  0003                     	;# 
   129  0004                     	;# 
   130  0005                     	;# 
   131  0006                     	;# 
   132  0007                     	;# 
   133  0008                     	;# 
   134  0009                     	;# 
   135  000A                     	;# 
   136  000B                     	;# 
   137  000C                     	;# 
   138  000D                     	;# 
   139  000E                     	;# 
   140  000E                     	;# 
   141  000F                     	;# 
   142  0010                     	;# 
   143  0011                     	;# 
   144  0012                     	;# 
   145  0013                     	;# 
   146  0014                     	;# 
   147  0015                     	;# 
   148  0015                     	;# 
   149  0016                     	;# 
   150  0017                     	;# 
   151  0018                     	;# 
   152  0019                     	;# 
   153  001A                     	;# 
   154  001B                     	;# 
   155  001B                     	;# 
   156  001C                     	;# 
   157  001D                     	;# 
   158  001E                     	;# 
   159  001F                     	;# 
   160  0081                     	;# 
   161  0085                     	;# 
   162  0086                     	;# 
   163  0087                     	;# 
   164  0088                     	;# 
   165  0089                     	;# 
   166  008C                     	;# 
   167  008D                     	;# 
   168  008E                     	;# 
   169  008F                     	;# 
   170  0090                     	;# 
   171  0091                     	;# 
   172  0092                     	;# 
   173  0093                     	;# 
   174  0093                     	;# 
   175  0093                     	;# 
   176  0094                     	;# 
   177  0095                     	;# 
   178  0096                     	;# 
   179  0097                     	;# 
   180  0098                     	;# 
   181  0099                     	;# 
   182  009A                     	;# 
   183  009B                     	;# 
   184  009C                     	;# 
   185  009D                     	;# 
   186  009E                     	;# 
   187  009F                     	;# 
   188  0105                     	;# 
   189  0107                     	;# 
   190  0108                     	;# 
   191  0109                     	;# 
   192  010C                     	;# 
   193  010C                     	;# 
   194  010D                     	;# 
   195  010E                     	;# 
   196  010F                     	;# 
   197  0185                     	;# 
   198  0187                     	;# 
   199  0188                     	;# 
   200  0189                     	;# 
   201  018C                     	;# 
   202  018D                     	;# 
   203  0000                     	;# 
   204  0001                     	;# 
   205  0002                     	;# 
   206  0003                     	;# 
   207  0004                     	;# 
   208  0005                     	;# 
   209  0006                     	;# 
   210  0007                     	;# 
   211  0008                     	;# 
   212  0009                     	;# 
   213  000A                     	;# 
   214  000B                     	;# 
   215  000C                     	;# 
   216  000D                     	;# 
   217  000E                     	;# 
   218  000E                     	;# 
   219  000F                     	;# 
   220  0010                     	;# 
   221  0011                     	;# 
   222  0012                     	;# 
   223  0013                     	;# 
   224  0014                     	;# 
   225  0015                     	;# 
   226  0015                     	;# 
   227  0016                     	;# 
   228  0017                     	;# 
   229  0018                     	;# 
   230  0019                     	;# 
   231  001A                     	;# 
   232  001B                     	;# 
   233  001B                     	;# 
   234  001C                     	;# 
   235  001D                     	;# 
   236  001E                     	;# 
   237  001F                     	;# 
   238  0081                     	;# 
   239  0085                     	;# 
   240  0086                     	;# 
   241  0087                     	;# 
   242  0088                     	;# 
   243  0089                     	;# 
   244  008C                     	;# 
   245  008D                     	;# 
   246  008E                     	;# 
   247  008F                     	;# 
   248  0090                     	;# 
   249  0091                     	;# 
   250  0092                     	;# 
   251  0093                     	;# 
   252  0093                     	;# 
   253  0093                     	;# 
   254  0094                     	;# 
   255  0095                     	;# 
   256  0096                     	;# 
   257  0097                     	;# 
   258  0098                     	;# 
   259  0099                     	;# 
   260  009A                     	;# 
   261  009B                     	;# 
   262  009C                     	;# 
   263  009D                     	;# 
   264  009E                     	;# 
   265  009F                     	;# 
   266  0105                     	;# 
   267  0107                     	;# 
   268  0108                     	;# 
   269  0109                     	;# 
   270  010C                     	;# 
   271  010C                     	;# 
   272  010D                     	;# 
   273  010E                     	;# 
   274  010F                     	;# 
   275  0185                     	;# 
   276  0187                     	;# 
   277  0188                     	;# 
   278  0189                     	;# 
   279  018C                     	;# 
   280  018D                     	;# 
   281  0013                     _SSPBUF	set	19
   282  0014                     _SSPCON	set	20
   283  0012                     _T2CONbits	set	18
   284  001D                     _CCP2CONbits	set	29
   285  0017                     _CCP1CONbits	set	23
   286  000B                     _INTCONbits	set	11
   287  0007                     _PORTC	set	7
   288  0005                     _PORTA	set	5
   289  0015                     _CCPR1L	set	21
   290  001E                     _ADRESH	set	30
   291  001B                     _CCPR2L	set	27
   292  001F                     _ADCON0bits	set	31
   293  000C                     _PIR1bits	set	12
   294  0063                     _SSPIF	set	99
   295  005E                     _PEIE	set	94
   296  005F                     _GIE	set	95
   297  0091                     _SSPCON2bits	set	145
   298  0094                     _SSPSTAT	set	148
   299  0093                     _SSPADD	set	147
   300  0091                     _SSPCON2	set	145
   301  0092                     _PR2	set	146
   302  0087                     _TRISCbits	set	135
   303  009F                     _ADCON1bits	set	159
   304  008C                     _PIE1bits	set	140
   305  008F                     _OSCCONbits	set	143
   306  0085                     _TRISAbits	set	133
   307  0463                     _SSPIE	set	1123
   308  043C                     _TRISC4	set	1084
   309  043B                     _TRISC3	set	1083
   310  0189                     _ANSELH	set	393
   311  0188                     _ANSEL	set	392
   312                           
   313                           	psect	cinit
   314  000F                     start_initialization:	
   315                           ; #config settings
   316                           
   317  000F                     __initialization:
   318  000F                     end_of_initialization:	
   319                           ;End of C runtime variable initialization code
   320                           
   321  000F                     __end_of__initialization:
   322  000F  0183               	clrf	3
   323  0010  120A  118A  285D   	ljmp	_main	;jump to C main() function
   324                           
   325                           	psect	cstackCOMMON
   326  0070                     __pcstackCOMMON:
   327  0070                     ?_setup:
   328  0070                     ?_isr:	
   329                           ; 1 bytes @ 0x0
   330                           
   331  0070                     ??_isr:	
   332                           ; 1 bytes @ 0x0
   333                           
   334  0070                     ?_main:	
   335                           ; 1 bytes @ 0x0
   336                           
   337                           
   338                           ; 1 bytes @ 0x0
   339  0070                     	ds	3
   340  0073                     ??_setup:
   341                           
   342                           ; 1 bytes @ 0x3
   343  0073                     	ds	1
   344  0074                     ??_main:
   345                           
   346                           ; 1 bytes @ 0x4
   347  0074                     	ds	1
   348                           
   349                           	psect	maintext
   350  005D                     __pmaintext:	
   351 ;;
   352 ;;Main: autosize = 0, tempsize = 1, incstack = 0, save=0
   353 ;;
   354 ;; *************** function _main *****************
   355 ;; Defined at:
   356 ;;		line 55 in file "P1_main_S2.c"
   357 ;; Parameters:    Size  Location     Type
   358 ;;		None
   359 ;; Auto vars:     Size  Location     Type
   360 ;;		None
   361 ;; Return value:  Size  Location     Type
   362 ;;                  1    wreg      void 
   363 ;; Registers used:
   364 ;;		wreg, status,2, status,0, pclath, cstack
   365 ;; Tracked objects:
   366 ;;		On entry : B00/0
   367 ;;		On exit  : 0/0
   368 ;;		Unchanged: 0/0
   369 ;; Data sizes:     COMMON   BANK0   BANK1   BANK3   BANK2
   370 ;;      Params:         0       0       0       0       0
   371 ;;      Locals:         0       0       0       0       0
   372 ;;      Temps:          1       0       0       0       0
   373 ;;      Totals:         1       0       0       0       0
   374 ;;Total ram usage:        1 bytes
   375 ;; Hardware stack levels required when called:    2
   376 ;; This function calls:
   377 ;;		_setup
   378 ;; This function is called by:
   379 ;;		Startup code after reset
   380 ;; This function uses a non-reentrant model
   381 ;;
   382                           
   383                           
   384                           ;psect for function _main
   385  005D                     _main:
   386  005D                     l794:	
   387                           ;incstack = 0
   388                           ; Regs used in _main: [wreg+status,2+status,0+pclath+cstack]
   389                           
   390                           
   391                           ;P1_main_S2.c: 57:     setup();
   392  005D  120A  118A  2013  120A  118A  	fcall	_setup
   393  0062                     l796:
   394                           
   395                           ;P1_main_S2.c: 63:         if(ADCON0bits.GO == 0){
   396  0062  1283               	bcf	3,5	;RP0=0, select bank0
   397  0063  1303               	bcf	3,6	;RP1=0, select bank0
   398  0064  189F               	btfsc	31,1	;volatile
   399  0065  2867               	goto	u61
   400  0066  2868               	goto	u60
   401  0067                     u61:
   402  0067  2862               	goto	l796
   403  0068                     u60:
   404  0068                     l798:
   405                           
   406                           ;P1_main_S2.c: 64:         if(ADCON0bits.CHS == 1)
   407  0068  0C1F               	rrf	31,w	;volatile
   408  0069  00F4               	movwf	??_main
   409  006A  0C74               	rrf	??_main,w
   410  006B  390F               	andlw	15
   411  006C  3A01               	xorlw	1
   412  006D  1D03               	skipz
   413  006E  2870               	goto	u71
   414  006F  2871               	goto	u70
   415  0070                     u71:
   416  0070  2874               	goto	l802
   417  0071                     u70:
   418  0071                     l800:
   419                           
   420                           ;P1_main_S2.c: 65:            ADCON0bits.CHS = 0;
   421  0071  30C3               	movlw	-61
   422  0072  059F               	andwf	31,f	;volatile
   423  0073  2878               	goto	l804
   424  0074                     l802:
   425  0074  081F               	movf	31,w	;volatile
   426  0075  39C3               	andlw	-61
   427  0076  3804               	iorlw	4
   428  0077  009F               	movwf	31	;volatile
   429  0078                     l804:
   430                           
   431                           ;P1_main_S2.c: 69:         _delay((unsigned long)((100)*(4000000/4000000.0)));
   432  0078  3021               	movlw	33
   433  0079  00F4               	movwf	??_main
   434  007A                     u107:
   435  007A  0BF4               	decfsz	??_main,f
   436  007B  287A               	goto	u107
   437  007C                     l806:
   438                           
   439                           ;P1_main_S2.c: 70:         ADCON0bits.GO = 1;
   440  007C  1283               	bcf	3,5	;RP0=0, select bank0
   441  007D  1303               	bcf	3,6	;RP1=0, select bank0
   442  007E  149F               	bsf	31,1	;volatile
   443  007F  2862               	goto	l796
   444  0080  120A  118A  280C   	ljmp	start
   445  0083                     __end_of_main:
   446                           
   447                           	psect	text1
   448  0013                     __ptext1:	
   449 ;; *************** function _setup *****************
   450 ;; Defined at:
   451 ;;		line 77 in file "P1_main_S2.c"
   452 ;; Parameters:    Size  Location     Type
   453 ;;		None
   454 ;; Auto vars:     Size  Location     Type
   455 ;;		None
   456 ;; Return value:  Size  Location     Type
   457 ;;                  1    wreg      void 
   458 ;; Registers used:
   459 ;;		wreg, status,2, status,0
   460 ;; Tracked objects:
   461 ;;		On entry : 0/0
   462 ;;		On exit  : 0/0
   463 ;;		Unchanged: 0/0
   464 ;; Data sizes:     COMMON   BANK0   BANK1   BANK3   BANK2
   465 ;;      Params:         0       0       0       0       0
   466 ;;      Locals:         0       0       0       0       0
   467 ;;      Temps:          1       0       0       0       0
   468 ;;      Totals:         1       0       0       0       0
   469 ;;Total ram usage:        1 bytes
   470 ;; Hardware stack levels used:    1
   471 ;; Hardware stack levels required when called:    1
   472 ;; This function calls:
   473 ;;		Nothing
   474 ;; This function is called by:
   475 ;;		_main
   476 ;; This function uses a non-reentrant model
   477 ;;
   478                           
   479                           
   480                           ;psect for function _setup
   481  0013                     _setup:
   482  0013                     l714:	
   483                           ;incstack = 0
   484                           ; Regs used in _setup: [wreg+status,2+status,0]
   485                           
   486                           
   487                           ;P1_main_S2.c: 79:     ANSEL = 0b00000011;
   488  0013  3003               	movlw	3
   489  0014  1683               	bsf	3,5	;RP0=1, select bank3
   490  0015  1703               	bsf	3,6	;RP1=1, select bank3
   491  0016  0088               	movwf	8	;volatile
   492  0017                     l716:
   493                           
   494                           ;P1_main_S2.c: 80:     ANSELH = 0;
   495  0017  0189               	clrf	9	;volatile
   496  0018                     l718:
   497                           
   498                           ;P1_main_S2.c: 82:     TRISAbits.TRISA0 = 1;
   499  0018  1683               	bsf	3,5	;RP0=1, select bank1
   500  0019  1303               	bcf	3,6	;RP1=0, select bank1
   501  001A  1405               	bsf	5,0	;volatile
   502  001B                     l720:
   503                           
   504                           ;P1_main_S2.c: 83:     TRISAbits.TRISA1 = 1;
   505  001B  1485               	bsf	5,1	;volatile
   506  001C                     l722:
   507                           
   508                           ;P1_main_S2.c: 89:     PORTA = 0x00;
   509  001C  1283               	bcf	3,5	;RP0=0, select bank0
   510  001D  1303               	bcf	3,6	;RP1=0, select bank0
   511  001E  0185               	clrf	5	;volatile
   512  001F                     l724:
   513                           
   514                           ;P1_main_S2.c: 90:     PORTC = 0x00;
   515  001F  0187               	clrf	7	;volatile
   516  0020                     l726:
   517                           
   518                           ;P1_main_S2.c: 94:     OSCCONbits.IRCF2 = 1;
   519  0020  1683               	bsf	3,5	;RP0=1, select bank1
   520  0021  1303               	bcf	3,6	;RP1=0, select bank1
   521  0022  170F               	bsf	15,6	;volatile
   522  0023                     l728:
   523                           
   524                           ;P1_main_S2.c: 95:     OSCCONbits.IRCF1 = 1;
   525  0023  168F               	bsf	15,5	;volatile
   526  0024                     l730:
   527                           
   528                           ;P1_main_S2.c: 96:     OSCCONbits.IRCF0 = 1;
   529  0024  160F               	bsf	15,4	;volatile
   530  0025                     l732:
   531                           
   532                           ;P1_main_S2.c: 97:     OSCCONbits.SCS = 1;
   533  0025  140F               	bsf	15,0	;volatile
   534  0026                     l734:
   535                           
   536                           ;P1_main_S2.c: 101:     INTCONbits.GIE = 1;
   537  0026  178B               	bsf	11,7	;volatile
   538  0027                     l736:
   539                           
   540                           ;P1_main_S2.c: 102:     INTCONbits.PEIE = 1;
   541  0027  170B               	bsf	11,6	;volatile
   542  0028                     l738:
   543                           
   544                           ;P1_main_S2.c: 103:     PIE1bits.ADIE = 1;
   545  0028  170C               	bsf	12,6	;volatile
   546  0029                     l740:
   547                           
   548                           ;P1_main_S2.c: 104:     PIR1bits.ADIF = 0;
   549  0029  1283               	bcf	3,5	;RP0=0, select bank0
   550  002A  1303               	bcf	3,6	;RP1=0, select bank0
   551  002B  130C               	bcf	12,6	;volatile
   552  002C                     l742:
   553                           
   554                           ;P1_main_S2.c: 108:     ADCON0bits.ADCS0 = 0;
   555  002C  131F               	bcf	31,6	;volatile
   556  002D                     l744:
   557                           
   558                           ;P1_main_S2.c: 109:     ADCON0bits.ADCS1 = 1;
   559  002D  179F               	bsf	31,7	;volatile
   560  002E                     l746:
   561                           
   562                           ;P1_main_S2.c: 110:     ADCON0bits.ADON = 1;
   563  002E  141F               	bsf	31,0	;volatile
   564  002F                     l748:
   565                           
   566                           ;P1_main_S2.c: 111:     ADCON0bits.CHS = 0;
   567  002F  30C3               	movlw	-61
   568  0030  059F               	andwf	31,f	;volatile
   569  0031                     l750:
   570                           
   571                           ;P1_main_S2.c: 112:     _delay((unsigned long)((50)*(4000000/4000000.0)));
   572  0031  3010               	movlw	16
   573  0032  00F3               	movwf	??_setup
   574  0033                     u117:
   575  0033  0BF3               	decfsz	??_setup,f
   576  0034  2833               	goto	u117
   577  0035  0000               	nop
   578  0036                     l752:
   579                           
   580                           ;P1_main_S2.c: 113:     ADCON1bits.ADFM = 0;
   581  0036  1683               	bsf	3,5	;RP0=1, select bank1
   582  0037  1303               	bcf	3,6	;RP1=0, select bank1
   583  0038  139F               	bcf	31,7	;volatile
   584  0039                     l754:
   585                           
   586                           ;P1_main_S2.c: 114:     ADCON1bits.VCFG0 = 0;
   587  0039  121F               	bcf	31,4	;volatile
   588  003A                     l756:
   589                           
   590                           ;P1_main_S2.c: 115:     ADCON1bits.VCFG1 = 0;
   591  003A  129F               	bcf	31,5	;volatile
   592  003B                     l758:
   593                           
   594                           ;P1_main_S2.c: 119:     TRISCbits.TRISC1 = 1;
   595  003B  1487               	bsf	7,1	;volatile
   596  003C                     l760:
   597                           
   598                           ;P1_main_S2.c: 120:     TRISCbits.TRISC2 = 1;
   599  003C  1507               	bsf	7,2	;volatile
   600  003D                     l762:
   601                           
   602                           ;P1_main_S2.c: 121:     PR2 = 250;
   603  003D  30FA               	movlw	250
   604  003E  0092               	movwf	18	;volatile
   605  003F                     l764:
   606                           
   607                           ;P1_main_S2.c: 122:     CCP1CONbits.P1M = 0;
   608  003F  303F               	movlw	-193
   609  0040  1283               	bcf	3,5	;RP0=0, select bank0
   610  0041  1303               	bcf	3,6	;RP1=0, select bank0
   611  0042  0597               	andwf	23,f	;volatile
   612  0043                     l766:
   613                           
   614                           ;P1_main_S2.c: 123:     CCP1CONbits.CCP1M = 0b1100;
   615  0043  0817               	movf	23,w	;volatile
   616  0044  39F0               	andlw	-16
   617  0045  380C               	iorlw	12
   618  0046  0097               	movwf	23	;volatile
   619  0047                     l768:
   620                           
   621                           ;P1_main_S2.c: 124:     CCP2CONbits.CCP2M = 0b1100;
   622  0047  081D               	movf	29,w	;volatile
   623  0048  39F0               	andlw	-16
   624  0049  380C               	iorlw	12
   625  004A  009D               	movwf	29	;volatile
   626  004B                     l770:
   627                           
   628                           ;P1_main_S2.c: 125:     CCPR1L = 0x0f;
   629  004B  300F               	movlw	15
   630  004C  0095               	movwf	21	;volatile
   631  004D                     l772:
   632                           
   633                           ;P1_main_S2.c: 126:     CCP1CONbits.DC1B = 0;
   634  004D  30CF               	movlw	-49
   635  004E  0597               	andwf	23,f	;volatile
   636  004F                     l774:
   637                           
   638                           ;P1_main_S2.c: 127:     PIR1bits.TMR2IF = 0;
   639  004F  108C               	bcf	12,1	;volatile
   640  0050                     l776:
   641                           
   642                           ;P1_main_S2.c: 128:     T2CONbits.T2CKPS = 0b11;
   643  0050  3003               	movlw	3
   644  0051  0492               	iorwf	18,f	;volatile
   645  0052                     l778:
   646                           
   647                           ;P1_main_S2.c: 129:     T2CONbits.TMR2ON = 1;
   648  0052  1512               	bsf	18,2	;volatile
   649  0053                     l64:	
   650                           ;P1_main_S2.c: 131:     while(PIR1bits.TMR2IF == 0);
   651                           
   652  0053  1C8C               	btfss	12,1	;volatile
   653  0054  2856               	goto	u11
   654  0055  2857               	goto	u10
   655  0056                     u11:
   656  0056  2853               	goto	l64
   657  0057                     u10:
   658  0057                     l66:
   659                           
   660                           ;P1_main_S2.c: 132:     PIR1bits.TMR2IF = 0;
   661  0057  108C               	bcf	12,1	;volatile
   662                           
   663                           ;P1_main_S2.c: 134:     TRISCbits.TRISC1 = 0;
   664  0058  1683               	bsf	3,5	;RP0=1, select bank1
   665  0059  1303               	bcf	3,6	;RP1=0, select bank1
   666  005A  1087               	bcf	7,1	;volatile
   667                           
   668                           ;P1_main_S2.c: 135:     TRISCbits.TRISC2 = 0;
   669  005B  1107               	bcf	7,2	;volatile
   670  005C                     l67:
   671  005C  0008               	return
   672  005D                     __end_of_setup:
   673                           
   674                           	psect	text2
   675  0083                     __ptext2:	
   676 ;; *************** function _isr *****************
   677 ;; Defined at:
   678 ;;		line 42 in file "P1_main_S2.c"
   679 ;; Parameters:    Size  Location     Type
   680 ;;		None
   681 ;; Auto vars:     Size  Location     Type
   682 ;;		None
   683 ;; Return value:  Size  Location     Type
   684 ;;                  1    wreg      void 
   685 ;; Registers used:
   686 ;;		wreg, status,2, status,0
   687 ;; Tracked objects:
   688 ;;		On entry : 0/0
   689 ;;		On exit  : 0/0
   690 ;;		Unchanged: 0/0
   691 ;; Data sizes:     COMMON   BANK0   BANK1   BANK3   BANK2
   692 ;;      Params:         0       0       0       0       0
   693 ;;      Locals:         0       0       0       0       0
   694 ;;      Temps:          3       0       0       0       0
   695 ;;      Totals:         3       0       0       0       0
   696 ;;Total ram usage:        3 bytes
   697 ;; Hardware stack levels used:    1
   698 ;; This function calls:
   699 ;;		Nothing
   700 ;; This function is called by:
   701 ;;		Interrupt level 1
   702 ;; This function uses a non-reentrant model
   703 ;;
   704                           
   705                           
   706                           ;psect for function _isr
   707  0083                     _isr:
   708  0083                     i1l784:
   709                           
   710                           ;P1_main_S2.c: 44:     if(PIR1bits.ADIF == 1) {
   711  0083  1283               	bcf	3,5	;RP0=0, select bank0
   712  0084  1303               	bcf	3,6	;RP1=0, select bank0
   713  0085  1F0C               	btfss	12,6	;volatile
   714  0086  2888               	goto	u4_21
   715  0087  2889               	goto	u4_20
   716  0088                     u4_21:
   717  0088  28A0               	goto	i1l50
   718  0089                     u4_20:
   719  0089                     i1l786:
   720                           
   721                           ;P1_main_S2.c: 46:     if(ADCON0bits.CHS == 0)
   722  0089  0C1F               	rrf	31,w	;volatile
   723  008A  00F0               	movwf	??_isr
   724  008B  0C70               	rrf	??_isr,w
   725  008C  390F               	andlw	15
   726  008D  3A00               	xorlw	0
   727  008E  1D03               	skipz
   728  008F  2891               	goto	u5_21
   729  0090  2892               	goto	u5_20
   730  0091                     u5_21:
   731  0091  2899               	goto	i1l790
   732  0092                     u5_20:
   733  0092                     i1l788:
   734                           
   735                           ;P1_main_S2.c: 47:         CCPR2L = (ADRESH >> 1) + 124;
   736  0092  081E               	movf	30,w	;volatile
   737  0093  00F0               	movwf	??_isr
   738  0094  1003               	clrc
   739  0095  0C70               	rrf	??_isr,w
   740  0096  3E7C               	addlw	124
   741  0097  009B               	movwf	27	;volatile
   742  0098  289F               	goto	i1l792
   743  0099                     i1l790:
   744  0099  081E               	movf	30,w	;volatile
   745  009A  00F0               	movwf	??_isr
   746  009B  1003               	clrc
   747  009C  0C70               	rrf	??_isr,w
   748  009D  3E7C               	addlw	124
   749  009E  0095               	movwf	21	;volatile
   750  009F                     i1l792:
   751                           
   752                           ;P1_main_S2.c: 50:          PIR1bits.ADIF = 0;
   753  009F  130C               	bcf	12,6	;volatile
   754  00A0                     i1l50:
   755  00A0  0872               	movf	??_isr+2,w
   756  00A1  008A               	movwf	10
   757  00A2  0E71               	swapf	??_isr+1,w
   758  00A3  0083               	movwf	3
   759  00A4  0EFE               	swapf	btemp,f
   760  00A5  0E7E               	swapf	btemp,w
   761  00A6  0009               	retfie
   762  00A7                     __end_of_isr:
   763  007E                     btemp	set	126	;btemp
   764  007E                     wtemp0	set	126
   765                           
   766                           	psect	intentry
   767  0004                     __pintentry:	
   768                           ;incstack = 0
   769                           ; Regs used in _isr: [wreg+status,2+status,0]
   770                           
   771  0004                     interrupt_function:
   772  007E                     saved_w	set	btemp
   773  0004  00FE               	movwf	btemp
   774  0005  0E03               	swapf	3,w
   775  0006  00F1               	movwf	??_isr+1
   776  0007  080A               	movf	10,w
   777  0008  00F2               	movwf	??_isr+2
   778  0009  120A  118A  2883   	ljmp	_isr
   779                           
   780                           	psect	config
   781                           
   782                           ;Config register CONFIG1 @ 0x2007
   783                           ;	Oscillator Selection bits
   784                           ;	FOSC = INTRC_NOCLKOUT, INTOSCIO oscillator: I/O function on RA6/OSC2/CLKOUT pin, I/O f
      +                          unction on RA7/OSC1/CLKIN
   785                           ;	Watchdog Timer Enable bit
   786                           ;	WDTE = OFF, WDT disabled and can be enabled by SWDTEN bit of the WDTCON register
   787                           ;	Power-up Timer Enable bit
   788                           ;	PWRTE = OFF, PWRT disabled
   789                           ;	RE3/MCLR pin function select bit
   790                           ;	MCLRE = OFF, RE3/MCLR pin function is digital input, MCLR internally tied to VDD
   791                           ;	Code Protection bit
   792                           ;	CP = OFF, Program memory code protection is disabled
   793                           ;	Data Code Protection bit
   794                           ;	CPD = OFF, Data memory code protection is disabled
   795                           ;	Brown Out Reset Selection bits
   796                           ;	BOREN = OFF, BOR disabled
   797                           ;	Internal External Switchover bit
   798                           ;	IESO = OFF, Internal/External Switchover mode is disabled
   799                           ;	Fail-Safe Clock Monitor Enabled bit
   800                           ;	FCMEN = OFF, Fail-Safe Clock Monitor is disabled
   801                           ;	Low Voltage Programming Enable bit
   802                           ;	LVP = OFF, RB3 pin has digital I/O, HV on MCLR must be used for programming
   803                           ;	In-Circuit Debugger Mode bit
   804                           ;	DEBUG = 0x1, unprogrammed default
   805  2007                     	org	8199
   806  2007  20D4               	dw	8404
   807                           
   808                           ;Config register CONFIG2 @ 0x2008
   809                           ;	Brown-out Reset Selection bit
   810                           ;	BOR4V = BOR40V, Brown-out Reset set to 4.0V
   811                           ;	Flash Program Memory Self Write Enable bits
   812                           ;	WRT = OFF, Write protection off
   813  2008                     	org	8200
   814  2008  3FFF               	dw	16383

Data Sizes:
    Strings     0
    Constant    0
    Data        0
    BSS         0
    Persistent  0
    Stack       0

Auto Spaces:
    Space          Size  Autos    Used
    COMMON           14      5       5
    BANK0            80      0       0
    BANK1            80      0       0
    BANK3            96      0       0
    BANK2            96      0       0

Pointer List with Targets:

    None.

Critical Paths under _main in COMMON

    _main->_setup

Critical Paths under _isr in COMMON

    None.

Critical Paths under _main in BANK0

    None.

Critical Paths under _isr in BANK0

    None.

Critical Paths under _main in BANK1

    None.

Critical Paths under _isr in BANK1

    None.

Critical Paths under _main in BANK3

    None.

Critical Paths under _isr in BANK3

    None.

Critical Paths under _main in BANK2

    None.

Critical Paths under _isr in BANK2

    None.

Call Graph Tables:

 ---------------------------------------------------------------------------------
 (Depth) Function   	        Calls       Base Space   Used Autos Params    Refs
 ---------------------------------------------------------------------------------
 (0) _main                                                 1     1      0       0
                                              4 COMMON     1     1      0
                              _setup
 ---------------------------------------------------------------------------------
 (1) _setup                                                1     1      0       0
                                              3 COMMON     1     1      0
 ---------------------------------------------------------------------------------
 Estimated maximum stack depth 1
 ---------------------------------------------------------------------------------
 (Depth) Function   	        Calls       Base Space   Used Autos Params    Refs
 ---------------------------------------------------------------------------------
 (2) _isr                                                  3     3      0       0
                                              0 COMMON     3     3      0
 ---------------------------------------------------------------------------------
 Estimated maximum stack depth 2
 ---------------------------------------------------------------------------------

 Call Graph Graphs:

 _main (ROOT)
   _setup

 _isr (ROOT)

 Address spaces:
Name               Size   Autos  Total    Cost      Usage
BITCOMMON            E      0       0       0        0.0%
EEDATA             100      0       0       0        0.0%
NULL                 0      0       0       0        0.0%
CODE                 0      0       0       0        0.0%
COMMON               E      5       5       1       35.7%
BITSFR0              0      0       0       1        0.0%
SFR0                 0      0       0       1        0.0%
BITSFR1              0      0       0       2        0.0%
SFR1                 0      0       0       2        0.0%
STACK                0      0       0       2        0.0%
ABS                  0      0       0       3        0.0%
BITBANK0            50      0       0       4        0.0%
BITSFR3              0      0       0       4        0.0%
SFR3                 0      0       0       4        0.0%
BANK0               50      0       0       5        0.0%
BITSFR2              0      0       0       5        0.0%
SFR2                 0      0       0       5        0.0%
BITBANK1            50      0       0       6        0.0%
BANK1               50      0       0       7        0.0%
BITBANK3            60      0       0       8        0.0%
BANK3               60      0       0       9        0.0%
BITBANK2            60      0       0      10        0.0%
BANK2               60      0       0      11        0.0%
DATA                 0      0       0      12        0.0%


Microchip Technology PIC Macro Assembler V2.31 build 20201012212115 
Symbol Table                                                                                   Tue Sep 07 22:31:18 2021

                     l64 0053                       l66 0057                       l67 005C  
                     u10 0057                       u11 0056                       u60 0068  
                     u61 0067                       u70 0071                       u71 0070  
                    l720 001B                      l800 0071                      l730 0024  
                    l722 001C                      l714 0013                      l802 0074  
                    l740 0029                      l732 0025                      l724 001F  
                    l716 0017                      l804 0078                      l750 0031  
                    l742 002C                      l734 0026                      l726 0020  
                    l718 0018                      l806 007C                      l760 003C  
                    l752 0036                      l744 002D                      l736 0027  
                    l728 0023                      l770 004B                      l762 003D  
                    l754 0039                      l746 002E                      l738 0028  
                    l772 004D                      l764 003F                      l756 003A  
                    l748 002F                      l774 004F                      l766 0043  
                    l758 003B                      l776 0050                      l768 0047  
                    l778 0052                      l794 005D                      l796 0062  
                    l798 0068                      _GIE 005F                      u107 007A  
                    u117 0033                      _PR2 0092                      _isr 0083  
                   ?_isr 0070                     _PEIE 005E                     i1l50 00A0  
                   u4_20 0089                     u4_21 0088                     u5_20 0092  
                   u5_21 0091                     _main 005D                     btemp 007E  
                   start 000C                    ??_isr 0070                    ?_main 0070  
                  _ANSEL 0188                    i1l790 0099                    i1l792 009F  
                  i1l784 0083                    i1l786 0089                    i1l788 0092  
                  _PORTA 0005                    _PORTC 0007                    _SSPIE 0463  
                  _SSPIF 0063                    _setup 0013                    pclath 000A  
                  status 0003                    wtemp0 007E          __initialization 000F  
           __end_of_main 0083                   ??_main 0074                   _ADRESH 001E  
                 _CCPR1L 0015                   _CCPR2L 001B                   ?_setup 0070  
                 _ANSELH 0189                   _SSPADD 0093                   _TRISC3 043B  
                 _TRISC4 043C                   _SSPCON 0014                   _SSPBUF 0013  
                 saved_w 007E  __end_of__initialization 000F           __pcstackCOMMON 0070  
          __end_of_setup 005D                  ??_setup 0073               __pmaintext 005D  
             __pintentry 0004                  _SSPCON2 0091                  _SSPSTAT 0094  
                __ptext1 0013                  __ptext2 0083                _T2CONbits 0012  
           __size_of_isr 0024     end_of_initialization 000F                _TRISAbits 0085  
              _TRISCbits 0087              _CCP1CONbits 0017              _CCP2CONbits 001D  
    start_initialization 000F              __end_of_isr 00A7                ___latbits 0002  
         __size_of_setup 004A        interrupt_function 0004                 _PIE1bits 008C  
               _PIR1bits 000C               _ADCON0bits 001F               _ADCON1bits 009F  
          __size_of_main 0026               _INTCONbits 000B                 intlevel1 0000  
             _OSCCONbits 008F              _SSPCON2bits 0091  
