

Microchip MPLAB XC8 Assembler V2.31 build 20201012212115 
                                                                                               Wed Sep 08 10:07:51 2021

Microchip MPLAB XC8 C Compiler v2.31 (Free license) build 20201012212115 Og1 
     1                           	processor	16F887
     2                           	pagewidth 120
     3                           	opt	flic
     4                           	psect	cinit,global,class=CODE,merge=1,delta=2
     5                           	psect	bssCOMMON,global,class=COMMON,space=1,delta=1,noexec
     6                           	psect	cstackCOMMON,global,class=COMMON,space=1,delta=1,noexec
     7                           	psect	maintext,global,class=CODE,split=1,delta=2
     8                           	psect	text1,local,class=CODE,merge=1,delta=2
     9                           	psect	text2,local,class=CODE,merge=1,delta=2
    10                           	psect	text3,local,class=CODE,merge=1,delta=2
    11                           	psect	text4,local,class=CODE,merge=1,delta=2
    12                           	psect	intentry,global,class=CODE,delta=2
    13                           	psect	config,global,abs,ovrld,class=CONFIG,space=4,delta=2,noexec
    14                           	dabs	1,0x7E,2
    15  0000                     
    16                           ; Version 2.20
    17                           ; Generated 12/02/2020 GMT
    18                           ; 
    19                           ; Copyright © 2020, Microchip Technology Inc. and its subsidiaries ("Microchip")
    20                           ; All rights reserved.
    21                           ; 
    22                           ; This software is developed by Microchip Technology Inc. and its subsidiaries ("Microch
      +                          ip").
    23                           ; 
    24                           ; Redistribution and use in source and binary forms, with or without modification, are
    25                           ; permitted provided that the following conditions are met:
    26                           ; 
    27                           ;     1. Redistributions of source code must retain the above copyright notice, this lis
      +                          t of
    28                           ;        conditions and the following disclaimer.
    29                           ; 
    30                           ;     2. Redistributions in binary form must reproduce the above copyright notice, this 
      +                          list
    31                           ;        of conditions and the following disclaimer in the documentation and/or other
    32                           ;        materials provided with the distribution.
    33                           ; 
    34                           ;     3. Microchip's name may not be used to endorse or promote products derived from th
      +                          is
    35                           ;        software without specific prior written permission.
    36                           ; 
    37                           ; THIS SOFTWARE IS PROVIDED BY MICROCHIP "AS IS" AND ANY EXPRESS OR IMPLIED WARRANTIES,
    38                           ; INCLUDING, BUT NOT LIMITED TO, THE IMPLIED WARRANTIES OF MERCHANTABILITY AND FITNESS F
      +                          OR
    39                           ; PURPOSE ARE DISCLAIMED.  IN NO EVENT SHALL MICROCHIP BE LIABLE FOR ANY DIRECT, INDIREC
      +                          T,
    40                           ; INCIDENTAL, SPECIAL, EXEMPLARY, OR CONSEQUENTIAL DAMAGES (INCLUDING BUT NOT LIMITED TO
    41                           ; PROCUREMENT OF SUBSTITUTE GOODS OR SERVICES; LOSS OF USE, DATA OR PROFITS; OR BUSINESS
    42                           ; INTERRUPTION) HOWSOEVER CAUSED AND ON ANY THEORY OF LIABILITY, WHETHER IN CONTRACT, ST
      +                          RICT
    43                           ; LIABILITY, OR TORT (INCLUDING NEGLIGENCE OR OTHERWISE) ARISING IN ANY WAY OUT OF THE U
      +                          SE OF
    44                           ; THIS SOFTWARE, EVEN IF ADVISED OF THE POSSIBILITY OF SUCH DAMAGE.
    45                           ; 
    46                           ; 
    47                           ; Code-generator required, PIC16F887 Definitions
    48                           ; 
    49                           ; SFR Addresses
    50  0000                     	;# 
    51  0001                     	;# 
    52  0002                     	;# 
    53  0003                     	;# 
    54  0004                     	;# 
    55  0005                     	;# 
    56  0006                     	;# 
    57  0007                     	;# 
    58  0008                     	;# 
    59  0009                     	;# 
    60  000A                     	;# 
    61  000B                     	;# 
    62  000C                     	;# 
    63  000D                     	;# 
    64  000E                     	;# 
    65  000E                     	;# 
    66  000F                     	;# 
    67  0010                     	;# 
    68  0011                     	;# 
    69  0012                     	;# 
    70  0013                     	;# 
    71  0014                     	;# 
    72  0015                     	;# 
    73  0015                     	;# 
    74  0016                     	;# 
    75  0017                     	;# 
    76  0018                     	;# 
    77  0019                     	;# 
    78  001A                     	;# 
    79  001B                     	;# 
    80  001B                     	;# 
    81  001C                     	;# 
    82  001D                     	;# 
    83  001E                     	;# 
    84  001F                     	;# 
    85  0081                     	;# 
    86  0085                     	;# 
    87  0086                     	;# 
    88  0087                     	;# 
    89  0088                     	;# 
    90  0089                     	;# 
    91  008C                     	;# 
    92  008D                     	;# 
    93  008E                     	;# 
    94  008F                     	;# 
    95  0090                     	;# 
    96  0091                     	;# 
    97  0092                     	;# 
    98  0093                     	;# 
    99  0093                     	;# 
   100  0093                     	;# 
   101  0094                     	;# 
   102  0095                     	;# 
   103  0096                     	;# 
   104  0097                     	;# 
   105  0098                     	;# 
   106  0099                     	;# 
   107  009A                     	;# 
   108  009B                     	;# 
   109  009C                     	;# 
   110  009D                     	;# 
   111  009E                     	;# 
   112  009F                     	;# 
   113  0105                     	;# 
   114  0107                     	;# 
   115  0108                     	;# 
   116  0109                     	;# 
   117  010C                     	;# 
   118  010C                     	;# 
   119  010D                     	;# 
   120  010E                     	;# 
   121  010F                     	;# 
   122  0185                     	;# 
   123  0187                     	;# 
   124  0188                     	;# 
   125  0189                     	;# 
   126  018C                     	;# 
   127  018D                     	;# 
   128  0000                     	;# 
   129  0001                     	;# 
   130  0002                     	;# 
   131  0003                     	;# 
   132  0004                     	;# 
   133  0005                     	;# 
   134  0006                     	;# 
   135  0007                     	;# 
   136  0008                     	;# 
   137  0009                     	;# 
   138  000A                     	;# 
   139  000B                     	;# 
   140  000C                     	;# 
   141  000D                     	;# 
   142  000E                     	;# 
   143  000E                     	;# 
   144  000F                     	;# 
   145  0010                     	;# 
   146  0011                     	;# 
   147  0012                     	;# 
   148  0013                     	;# 
   149  0014                     	;# 
   150  0015                     	;# 
   151  0015                     	;# 
   152  0016                     	;# 
   153  0017                     	;# 
   154  0018                     	;# 
   155  0019                     	;# 
   156  001A                     	;# 
   157  001B                     	;# 
   158  001B                     	;# 
   159  001C                     	;# 
   160  001D                     	;# 
   161  001E                     	;# 
   162  001F                     	;# 
   163  0081                     	;# 
   164  0085                     	;# 
   165  0086                     	;# 
   166  0087                     	;# 
   167  0088                     	;# 
   168  0089                     	;# 
   169  008C                     	;# 
   170  008D                     	;# 
   171  008E                     	;# 
   172  008F                     	;# 
   173  0090                     	;# 
   174  0091                     	;# 
   175  0092                     	;# 
   176  0093                     	;# 
   177  0093                     	;# 
   178  0093                     	;# 
   179  0094                     	;# 
   180  0095                     	;# 
   181  0096                     	;# 
   182  0097                     	;# 
   183  0098                     	;# 
   184  0099                     	;# 
   185  009A                     	;# 
   186  009B                     	;# 
   187  009C                     	;# 
   188  009D                     	;# 
   189  009E                     	;# 
   190  009F                     	;# 
   191  0105                     	;# 
   192  0107                     	;# 
   193  0108                     	;# 
   194  0109                     	;# 
   195  010C                     	;# 
   196  010C                     	;# 
   197  010D                     	;# 
   198  010E                     	;# 
   199  010F                     	;# 
   200  0185                     	;# 
   201  0187                     	;# 
   202  0188                     	;# 
   203  0189                     	;# 
   204  018C                     	;# 
   205  018D                     	;# 
   206  0000                     	;# 
   207  0001                     	;# 
   208  0002                     	;# 
   209  0003                     	;# 
   210  0004                     	;# 
   211  0005                     	;# 
   212  0006                     	;# 
   213  0007                     	;# 
   214  0008                     	;# 
   215  0009                     	;# 
   216  000A                     	;# 
   217  000B                     	;# 
   218  000C                     	;# 
   219  000D                     	;# 
   220  000E                     	;# 
   221  000E                     	;# 
   222  000F                     	;# 
   223  0010                     	;# 
   224  0011                     	;# 
   225  0012                     	;# 
   226  0013                     	;# 
   227  0014                     	;# 
   228  0015                     	;# 
   229  0015                     	;# 
   230  0016                     	;# 
   231  0017                     	;# 
   232  0018                     	;# 
   233  0019                     	;# 
   234  001A                     	;# 
   235  001B                     	;# 
   236  001B                     	;# 
   237  001C                     	;# 
   238  001D                     	;# 
   239  001E                     	;# 
   240  001F                     	;# 
   241  0081                     	;# 
   242  0085                     	;# 
   243  0086                     	;# 
   244  0087                     	;# 
   245  0088                     	;# 
   246  0089                     	;# 
   247  008C                     	;# 
   248  008D                     	;# 
   249  008E                     	;# 
   250  008F                     	;# 
   251  0090                     	;# 
   252  0091                     	;# 
   253  0092                     	;# 
   254  0093                     	;# 
   255  0093                     	;# 
   256  0093                     	;# 
   257  0094                     	;# 
   258  0095                     	;# 
   259  0096                     	;# 
   260  0097                     	;# 
   261  0098                     	;# 
   262  0099                     	;# 
   263  009A                     	;# 
   264  009B                     	;# 
   265  009C                     	;# 
   266  009D                     	;# 
   267  009E                     	;# 
   268  009F                     	;# 
   269  0105                     	;# 
   270  0107                     	;# 
   271  0108                     	;# 
   272  0109                     	;# 
   273  010C                     	;# 
   274  010C                     	;# 
   275  010D                     	;# 
   276  010E                     	;# 
   277  010F                     	;# 
   278  0185                     	;# 
   279  0187                     	;# 
   280  0188                     	;# 
   281  0189                     	;# 
   282  018C                     	;# 
   283  018D                     	;# 
   284  0000                     	;# 
   285  0001                     	;# 
   286  0002                     	;# 
   287  0003                     	;# 
   288  0004                     	;# 
   289  0005                     	;# 
   290  0006                     	;# 
   291  0007                     	;# 
   292  0008                     	;# 
   293  0009                     	;# 
   294  000A                     	;# 
   295  000B                     	;# 
   296  000C                     	;# 
   297  000D                     	;# 
   298  000E                     	;# 
   299  000E                     	;# 
   300  000F                     	;# 
   301  0010                     	;# 
   302  0011                     	;# 
   303  0012                     	;# 
   304  0013                     	;# 
   305  0014                     	;# 
   306  0015                     	;# 
   307  0015                     	;# 
   308  0016                     	;# 
   309  0017                     	;# 
   310  0018                     	;# 
   311  0019                     	;# 
   312  001A                     	;# 
   313  001B                     	;# 
   314  001B                     	;# 
   315  001C                     	;# 
   316  001D                     	;# 
   317  001E                     	;# 
   318  001F                     	;# 
   319  0081                     	;# 
   320  0085                     	;# 
   321  0086                     	;# 
   322  0087                     	;# 
   323  0088                     	;# 
   324  0089                     	;# 
   325  008C                     	;# 
   326  008D                     	;# 
   327  008E                     	;# 
   328  008F                     	;# 
   329  0090                     	;# 
   330  0091                     	;# 
   331  0092                     	;# 
   332  0093                     	;# 
   333  0093                     	;# 
   334  0093                     	;# 
   335  0094                     	;# 
   336  0095                     	;# 
   337  0096                     	;# 
   338  0097                     	;# 
   339  0098                     	;# 
   340  0099                     	;# 
   341  009A                     	;# 
   342  009B                     	;# 
   343  009C                     	;# 
   344  009D                     	;# 
   345  009E                     	;# 
   346  009F                     	;# 
   347  0105                     	;# 
   348  0107                     	;# 
   349  0108                     	;# 
   350  0109                     	;# 
   351  010C                     	;# 
   352  010C                     	;# 
   353  010D                     	;# 
   354  010E                     	;# 
   355  010F                     	;# 
   356  0185                     	;# 
   357  0187                     	;# 
   358  0188                     	;# 
   359  0189                     	;# 
   360  018C                     	;# 
   361  018D                     	;# 
   362  0014                     _SSPCON	set	20
   363  000B                     _INTCONbits	set	11
   364  0009                     _PORTE	set	9
   365  0008                     _PORTD	set	8
   366  0007                     _PORTC	set	7
   367  0005                     _PORTA	set	5
   368  0013                     _SSPBUF	set	19
   369  0014                     _SSPCONbits	set	20
   370  001E                     _ADRESH	set	30
   371  0006                     _PORTB	set	6
   372  001F                     _ADCON0bits	set	31
   373  000C                     _PIR1bits	set	12
   374  0063                     _SSPIF	set	99
   375  005E                     _PEIE	set	94
   376  005F                     _GIE	set	95
   377  0091                     _SSPCON2bits	set	145
   378  0087                     _TRISCbits	set	135
   379  0094                     _SSPSTAT	set	148
   380  0093                     _SSPADD	set	147
   381  0091                     _SSPCON2	set	145
   382  009F                     _ADCON1bits	set	159
   383  008C                     _PIE1bits	set	140
   384  008F                     _OSCCONbits	set	143
   385  0086                     _TRISB	set	134
   386  0085                     _TRISAbits	set	133
   387  0094                     _SSPSTATbits	set	148
   388  0463                     _SSPIE	set	1123
   389  043C                     _TRISC4	set	1084
   390  043B                     _TRISC3	set	1083
   391  04A0                     _BF	set	1184
   392  0189                     _ANSELH	set	393
   393  0188                     _ANSEL	set	392
   394                           
   395                           	psect	cinit
   396  000F                     start_initialization:	
   397                           ; #config settings
   398                           
   399  000F                     __initialization:
   400                           
   401                           ; Clear objects allocated to COMMON
   402  000F  01F8               	clrf	__pbssCOMMON& (0+127)
   403  0010  01F9               	clrf	(__pbssCOMMON+1)& (0+127)
   404  0011                     end_of_initialization:	
   405                           ;End of C runtime variable initialization code
   406                           
   407  0011                     __end_of__initialization:
   408  0011  0183               	clrf	3
   409  0012  120A  118A  291A   	ljmp	_main	;jump to C main() function
   410                           
   411                           	psect	bssCOMMON
   412  0078                     __pbssCOMMON:
   413  0078                     _voltage:
   414  0078                     	ds	1
   415  0079                     _var:
   416  0079                     	ds	1
   417                           
   418                           	psect	cstackCOMMON
   419  0070                     __pcstackCOMMON:
   420  0070                     ?_setup:
   421  0070                     ?_ADC_config:	
   422                           ; 1 bytes @ 0x0
   423                           
   424  0070                     ?_I2C_Slave_Init:	
   425                           ; 1 bytes @ 0x0
   426                           
   427  0070                     ?_isr:	
   428                           ; 1 bytes @ 0x0
   429                           
   430  0070                     ??_isr:	
   431                           ; 1 bytes @ 0x0
   432                           
   433  0070                     ?_main:	
   434                           ; 1 bytes @ 0x0
   435                           
   436                           
   437                           ; 1 bytes @ 0x0
   438  0070                     	ds	3
   439  0073                     ??_ADC_config:
   440  0073                     ??_I2C_Slave_Init:	
   441                           ; 1 bytes @ 0x3
   442                           
   443  0073                     I2C_Slave_Init@address:	
   444                           ; 1 bytes @ 0x3
   445                           
   446                           
   447                           ; 1 bytes @ 0x3
   448  0073                     	ds	2
   449  0075                     ADC_config@frecuencia:
   450                           
   451                           ; 1 bytes @ 0x5
   452  0075                     	ds	1
   453  0076                     ??_setup:
   454  0076                     ??_main:	
   455                           ; 1 bytes @ 0x6
   456                           
   457                           
   458                           ; 1 bytes @ 0x6
   459  0076                     	ds	2
   460                           
   461                           	psect	maintext
   462  011A                     __pmaintext:	
   463 ;;
   464 ;;Main: autosize = 0, tempsize = 2, incstack = 0, save=0
   465 ;;
   466 ;; *************** function _main *****************
   467 ;; Defined at:
   468 ;;		line 101 in file "P1_main_S1.c"
   469 ;; Parameters:    Size  Location     Type
   470 ;;		None
   471 ;; Auto vars:     Size  Location     Type
   472 ;;		None
   473 ;; Return value:  Size  Location     Type
   474 ;;                  1    wreg      void 
   475 ;; Registers used:
   476 ;;		wreg, fsr0l, fsr0h, status,2, status,0, pclath, cstack
   477 ;; Tracked objects:
   478 ;;		On entry : B00/0
   479 ;;		On exit  : 0/0
   480 ;;		Unchanged: 0/0
   481 ;; Data sizes:     COMMON   BANK0   BANK1   BANK3   BANK2
   482 ;;      Params:         0       0       0       0       0
   483 ;;      Locals:         0       0       0       0       0
   484 ;;      Temps:          2       0       0       0       0
   485 ;;      Totals:         2       0       0       0       0
   486 ;;Total ram usage:        2 bytes
   487 ;; Hardware stack levels required when called:    3
   488 ;; This function calls:
   489 ;;		_setup
   490 ;; This function is called by:
   491 ;;		Startup code after reset
   492 ;; This function uses a non-reentrant model
   493 ;;
   494                           
   495                           
   496                           ;psect for function _main
   497  011A                     _main:
   498  011A                     l916:	
   499                           ;incstack = 0
   500                           ; Regs used in _main: [wreg-fsr0h+status,2+status,0+pclath+cstack]
   501                           
   502                           
   503                           ;P1_main_S1.c: 102:     setup();
   504  011A  120A  118A  20F1  120A  118A  	fcall	_setup
   505  011F                     l918:
   506                           
   507                           ;P1_main_S1.c: 108:         if(ADCON0bits.GO == 0){
   508  011F  1283               	bcf	3,5	;RP0=0, select bank0
   509  0120  1303               	bcf	3,6	;RP1=0, select bank0
   510  0121  189F               	btfsc	31,1	;volatile
   511  0122  2924               	goto	u141
   512  0123  2925               	goto	u140
   513  0124                     u141:
   514  0124  291F               	goto	l918
   515  0125                     u140:
   516  0125                     l920:
   517                           
   518                           ;P1_main_S1.c: 109:             _delay((unsigned long)((100)*(4000000/4000.0)));
   519  0125  3082               	movlw	130
   520  0126  00F7               	movwf	??_main+1
   521  0127  30DD               	movlw	221
   522  0128  00F6               	movwf	??_main
   523  0129                     u177:
   524  0129  0BF6               	decfsz	??_main,f
   525  012A  2929               	goto	u177
   526  012B  0BF7               	decfsz	??_main+1,f
   527  012C  2929               	goto	u177
   528  012D  292E               	nop2
   529  012E                     l922:
   530                           
   531                           ;P1_main_S1.c: 110:             ADCON0bits.GO = 1;
   532  012E  1283               	bcf	3,5	;RP0=0, select bank0
   533  012F  1303               	bcf	3,6	;RP1=0, select bank0
   534  0130  149F               	bsf	31,1	;volatile
   535  0131  291F               	goto	l918
   536  0132  120A  118A  280C   	ljmp	start
   537  0135                     __end_of_main:
   538                           
   539                           	psect	text1
   540  00F1                     __ptext1:	
   541 ;; *************** function _setup *****************
   542 ;; Defined at:
   543 ;;		line 119 in file "P1_main_S1.c"
   544 ;; Parameters:    Size  Location     Type
   545 ;;		None
   546 ;; Auto vars:     Size  Location     Type
   547 ;;		None
   548 ;; Return value:  Size  Location     Type
   549 ;;                  1    wreg      void 
   550 ;; Registers used:
   551 ;;		wreg, fsr0l, fsr0h, status,2, status,0, pclath, cstack
   552 ;; Tracked objects:
   553 ;;		On entry : 0/0
   554 ;;		On exit  : 0/0
   555 ;;		Unchanged: 0/0
   556 ;; Data sizes:     COMMON   BANK0   BANK1   BANK3   BANK2
   557 ;;      Params:         0       0       0       0       0
   558 ;;      Locals:         0       0       0       0       0
   559 ;;      Temps:          0       0       0       0       0
   560 ;;      Totals:         0       0       0       0       0
   561 ;;Total ram usage:        0 bytes
   562 ;; Hardware stack levels used:    1
   563 ;; Hardware stack levels required when called:    2
   564 ;; This function calls:
   565 ;;		_ADC_config
   566 ;;		_I2C_Slave_Init
   567 ;; This function is called by:
   568 ;;		_main
   569 ;; This function uses a non-reentrant model
   570 ;;
   571                           
   572                           
   573                           ;psect for function _setup
   574  00F1                     _setup:
   575  00F1                     l832:	
   576                           ;incstack = 0
   577                           ; Regs used in _setup: [wreg-fsr0h+status,2+status,0+pclath+cstack]
   578                           
   579                           
   580                           ;P1_main_S1.c: 120:     ANSEL = 0b00000001;
   581  00F1  3001               	movlw	1
   582  00F2  1683               	bsf	3,5	;RP0=1, select bank3
   583  00F3  1703               	bsf	3,6	;RP1=1, select bank3
   584  00F4  0088               	movwf	8	;volatile
   585  00F5                     l834:
   586                           
   587                           ;P1_main_S1.c: 121:     ANSELH = 0;
   588  00F5  0189               	clrf	9	;volatile
   589  00F6                     l836:
   590                           
   591                           ;P1_main_S1.c: 123:     TRISAbits.TRISA0 = 1;
   592  00F6  1683               	bsf	3,5	;RP0=1, select bank1
   593  00F7  1303               	bcf	3,6	;RP1=0, select bank1
   594  00F8  1405               	bsf	5,0	;volatile
   595  00F9                     l838:
   596                           
   597                           ;P1_main_S1.c: 124:     TRISB = 0;
   598  00F9  0186               	clrf	6	;volatile
   599  00FA                     l840:
   600                           
   601                           ;P1_main_S1.c: 128:     PORTA = 0x00;
   602  00FA  1283               	bcf	3,5	;RP0=0, select bank0
   603  00FB  1303               	bcf	3,6	;RP1=0, select bank0
   604  00FC  0185               	clrf	5	;volatile
   605  00FD                     l842:
   606                           
   607                           ;P1_main_S1.c: 129:     PORTB = 0x00;
   608  00FD  0186               	clrf	6	;volatile
   609  00FE                     l844:
   610                           
   611                           ;P1_main_S1.c: 130:     PORTC = 0x00;
   612  00FE  0187               	clrf	7	;volatile
   613  00FF                     l846:
   614                           
   615                           ;P1_main_S1.c: 131:     PORTD = 0x00;
   616  00FF  0188               	clrf	8	;volatile
   617  0100                     l848:
   618                           
   619                           ;P1_main_S1.c: 132:     PORTE = 0x00;
   620  0100  0189               	clrf	9	;volatile
   621  0101                     l850:
   622                           
   623                           ;P1_main_S1.c: 140:     OSCCONbits.IRCF2 = 1;
   624  0101  1683               	bsf	3,5	;RP0=1, select bank1
   625  0102  1303               	bcf	3,6	;RP1=0, select bank1
   626  0103  170F               	bsf	15,6	;volatile
   627  0104                     l852:
   628                           
   629                           ;P1_main_S1.c: 141:     OSCCONbits.IRCF1 = 1;
   630  0104  168F               	bsf	15,5	;volatile
   631  0105                     l854:
   632                           
   633                           ;P1_main_S1.c: 142:     OSCCONbits.IRCF0 = 1;
   634  0105  160F               	bsf	15,4	;volatile
   635  0106                     l856:
   636                           
   637                           ;P1_main_S1.c: 143:     OSCCONbits.SCS = 1;
   638  0106  140F               	bsf	15,0	;volatile
   639  0107                     l858:
   640                           
   641                           ;P1_main_S1.c: 147:     PIE1bits.ADIE = 1;
   642  0107  170C               	bsf	12,6	;volatile
   643  0108                     l860:
   644                           
   645                           ;P1_main_S1.c: 148:     PIR1bits.ADIF = 0;
   646  0108  1283               	bcf	3,5	;RP0=0, select bank0
   647  0109  1303               	bcf	3,6	;RP1=0, select bank0
   648  010A  130C               	bcf	12,6	;volatile
   649  010B                     l862:
   650                           
   651                           ;P1_main_S1.c: 149:     INTCONbits.GIE = 1;
   652  010B  178B               	bsf	11,7	;volatile
   653  010C                     l864:
   654                           
   655                           ;P1_main_S1.c: 150:     INTCONbits.PEIE = 1;
   656  010C  170B               	bsf	11,6	;volatile
   657  010D                     l866:
   658                           
   659                           ;P1_main_S1.c: 154:     ADC_config(2);
   660  010D  3002               	movlw	2
   661  010E  120A  118A  208C  120A  118A  	fcall	_ADC_config
   662  0113                     l868:
   663                           
   664                           ;P1_main_S1.c: 158:     I2C_Slave_Init(0x50);
   665  0113  3050               	movlw	80
   666  0114  120A  118A  2135  120A  118A  	fcall	_I2C_Slave_Init
   667  0119                     l82:
   668  0119  0008               	return
   669  011A                     __end_of_setup:
   670                           
   671                           	psect	text2
   672  0135                     __ptext2:	
   673 ;; *************** function _I2C_Slave_Init *****************
   674 ;; Defined at:
   675 ;;		line 73 in file "I2C.c"
   676 ;; Parameters:    Size  Location     Type
   677 ;;  address         1    wreg     unsigned char 
   678 ;; Auto vars:     Size  Location     Type
   679 ;;  address         1    3[COMMON] unsigned char 
   680 ;; Return value:  Size  Location     Type
   681 ;;                  1    wreg      void 
   682 ;; Registers used:
   683 ;;		wreg
   684 ;; Tracked objects:
   685 ;;		On entry : 0/0
   686 ;;		On exit  : 0/0
   687 ;;		Unchanged: 0/0
   688 ;; Data sizes:     COMMON   BANK0   BANK1   BANK3   BANK2
   689 ;;      Params:         0       0       0       0       0
   690 ;;      Locals:         1       0       0       0       0
   691 ;;      Temps:          0       0       0       0       0
   692 ;;      Totals:         1       0       0       0       0
   693 ;;Total ram usage:        1 bytes
   694 ;; Hardware stack levels used:    1
   695 ;; Hardware stack levels required when called:    1
   696 ;; This function calls:
   697 ;;		Nothing
   698 ;; This function is called by:
   699 ;;		_setup
   700 ;; This function uses a non-reentrant model
   701 ;;
   702                           
   703                           
   704                           ;psect for function _I2C_Slave_Init
   705  0135                     _I2C_Slave_Init:
   706                           
   707                           ;incstack = 0
   708                           ; Regs used in _I2C_Slave_Init: [wreg]
   709                           ;I2C_Slave_Init@address stored from wreg
   710  0135  00F3               	movwf	I2C_Slave_Init@address
   711  0136                     l818:
   712                           
   713                           ;I2C.c: 73: void I2C_Slave_Init(uint8_t address);I2C.c: 74: {;I2C.c: 75:     SSPADD = ad
      +                          dress;
   714  0136  0873               	movf	I2C_Slave_Init@address,w
   715  0137  1683               	bsf	3,5	;RP0=1, select bank1
   716  0138  1303               	bcf	3,6	;RP1=0, select bank1
   717  0139  0093               	movwf	19	;volatile
   718                           
   719                           ;I2C.c: 76:     SSPCON = 0x36;
   720  013A  3036               	movlw	54
   721  013B  1283               	bcf	3,5	;RP0=0, select bank0
   722  013C  1303               	bcf	3,6	;RP1=0, select bank0
   723  013D  0094               	movwf	20	;volatile
   724                           
   725                           ;I2C.c: 77:     SSPSTAT = 0x80;
   726  013E  3080               	movlw	128
   727  013F  1683               	bsf	3,5	;RP0=1, select bank1
   728  0140  1303               	bcf	3,6	;RP1=0, select bank1
   729  0141  0094               	movwf	20	;volatile
   730                           
   731                           ;I2C.c: 78:     SSPCON2 = 0x01;
   732  0142  3001               	movlw	1
   733  0143  0091               	movwf	17	;volatile
   734  0144                     l820:
   735                           
   736                           ;I2C.c: 79:     TRISC3 = 1;
   737  0144  1587               	bsf	7,3	;volatile
   738  0145                     l822:
   739                           
   740                           ;I2C.c: 80:     TRISC4 = 1;
   741  0145  1607               	bsf	7,4	;volatile
   742  0146                     l824:
   743                           
   744                           ;I2C.c: 81:     GIE = 1;
   745  0146  178B               	bsf	11,7	;volatile
   746  0147                     l826:
   747                           
   748                           ;I2C.c: 82:     PEIE = 1;
   749  0147  170B               	bsf	11,6	;volatile
   750  0148                     l828:
   751                           
   752                           ;I2C.c: 83:     SSPIF = 0;
   753  0148  1283               	bcf	3,5	;RP0=0, select bank0
   754  0149  1303               	bcf	3,6	;RP1=0, select bank0
   755  014A  118C               	bcf	12,3	;volatile
   756  014B                     l830:
   757                           
   758                           ;I2C.c: 84:     SSPIE = 1;
   759  014B  1683               	bsf	3,5	;RP0=1, select bank1
   760  014C  1303               	bcf	3,6	;RP1=0, select bank1
   761  014D  158C               	bsf	12,3	;volatile
   762  014E                     l152:
   763  014E  0008               	return
   764  014F                     __end_of_I2C_Slave_Init:
   765                           
   766                           	psect	text3
   767  008C                     __ptext3:	
   768 ;; *************** function _ADC_config *****************
   769 ;; Defined at:
   770 ;;		line 7 in file "ADC.c"
   771 ;; Parameters:    Size  Location     Type
   772 ;;  frecuencia      1    wreg     unsigned char 
   773 ;; Auto vars:     Size  Location     Type
   774 ;;  frecuencia      1    5[COMMON] unsigned char 
   775 ;; Return value:  Size  Location     Type
   776 ;;                  1    wreg      void 
   777 ;; Registers used:
   778 ;;		wreg, fsr0l, fsr0h, status,2, status,0
   779 ;; Tracked objects:
   780 ;;		On entry : 0/0
   781 ;;		On exit  : 0/0
   782 ;;		Unchanged: 0/0
   783 ;; Data sizes:     COMMON   BANK0   BANK1   BANK3   BANK2
   784 ;;      Params:         0       0       0       0       0
   785 ;;      Locals:         1       0       0       0       0
   786 ;;      Temps:          2       0       0       0       0
   787 ;;      Totals:         3       0       0       0       0
   788 ;;Total ram usage:        3 bytes
   789 ;; Hardware stack levels used:    1
   790 ;; Hardware stack levels required when called:    1
   791 ;; This function calls:
   792 ;;		Nothing
   793 ;; This function is called by:
   794 ;;		_setup
   795 ;; This function uses a non-reentrant model
   796 ;;
   797                           
   798                           
   799                           ;psect for function _ADC_config
   800  008C                     _ADC_config:
   801                           
   802                           ;incstack = 0
   803                           ; Regs used in _ADC_config: [wreg-fsr0h+status,2+status,0]
   804                           ;ADC_config@frecuencia stored from wreg
   805  008C  00F5               	movwf	ADC_config@frecuencia
   806  008D                     l744:
   807                           
   808                           ;ADC.c: 8:     switch(frecuencia) {
   809  008D  28DA               	goto	l812
   810  008E                     l746:
   811                           
   812                           ;ADC.c: 11:             ADCON0bits.CHS = 0;
   813  008E  30C3               	movlw	-61
   814  008F  1283               	bcf	3,5	;RP0=0, select bank0
   815  0090  1303               	bcf	3,6	;RP1=0, select bank0
   816  0091  059F               	andwf	31,f	;volatile
   817  0092                     l748:
   818                           
   819                           ;ADC.c: 12:             _delay((unsigned long)((100)*(4000000/4000000.0)));
   820  0092  3021               	movlw	33
   821  0093  00F3               	movwf	??_ADC_config
   822  0094                     u187:
   823  0094  0BF3               	decfsz	??_ADC_config,f
   824  0095  2894               	goto	u187
   825  0096                     l750:
   826                           
   827                           ;ADC.c: 14:             ADCON0bits.ADCS0 = 0;
   828  0096  1283               	bcf	3,5	;RP0=0, select bank0
   829  0097  1303               	bcf	3,6	;RP1=0, select bank0
   830  0098  131F               	bcf	31,6	;volatile
   831  0099                     l752:
   832                           
   833                           ;ADC.c: 15:             ADCON0bits.ADCS1 = 0;
   834  0099  139F               	bcf	31,7	;volatile
   835  009A                     l754:
   836                           
   837                           ;ADC.c: 16:             ADCON0bits.ADON = 1;
   838  009A  141F               	bsf	31,0	;volatile
   839  009B                     l756:
   840                           
   841                           ;ADC.c: 17:             ADCON1bits.ADFM = 0;
   842  009B  1683               	bsf	3,5	;RP0=1, select bank1
   843  009C  1303               	bcf	3,6	;RP1=0, select bank1
   844  009D  139F               	bcf	31,7	;volatile
   845  009E                     l758:
   846                           
   847                           ;ADC.c: 18:             ADCON1bits.VCFG1 = 0;
   848  009E  129F               	bcf	31,5	;volatile
   849  009F                     l760:
   850                           
   851                           ;ADC.c: 19:             ADCON1bits.VCFG0 = 0;
   852  009F  121F               	bcf	31,4	;volatile
   853                           
   854                           ;ADC.c: 20:             break;
   855  00A0  28F0               	goto	l97
   856  00A1                     l762:
   857                           
   858                           ;ADC.c: 23:             ADCON0bits.CHS = 0;
   859  00A1  30C3               	movlw	-61
   860  00A2  1283               	bcf	3,5	;RP0=0, select bank0
   861  00A3  1303               	bcf	3,6	;RP1=0, select bank0
   862  00A4  059F               	andwf	31,f	;volatile
   863  00A5                     l764:
   864                           
   865                           ;ADC.c: 24:             _delay((unsigned long)((100)*(4000000/4000000.0)));
   866  00A5  3021               	movlw	33
   867  00A6  00F3               	movwf	??_ADC_config
   868  00A7                     u197:
   869  00A7  0BF3               	decfsz	??_ADC_config,f
   870  00A8  28A7               	goto	u197
   871  00A9                     l766:
   872                           
   873                           ;ADC.c: 26:             ADCON0bits.ADCS0 = 1;
   874  00A9  1283               	bcf	3,5	;RP0=0, select bank0
   875  00AA  1303               	bcf	3,6	;RP1=0, select bank0
   876  00AB  171F               	bsf	31,6	;volatile
   877  00AC                     l768:
   878                           
   879                           ;ADC.c: 27:             ADCON0bits.ADCS1 = 0;
   880  00AC  139F               	bcf	31,7	;volatile
   881  00AD                     l770:
   882                           
   883                           ;ADC.c: 28:             ADCON0bits.ADON = 1;
   884  00AD  141F               	bsf	31,0	;volatile
   885  00AE                     l772:
   886                           
   887                           ;ADC.c: 29:             ADCON1bits.ADFM = 0;
   888  00AE  1683               	bsf	3,5	;RP0=1, select bank1
   889  00AF  1303               	bcf	3,6	;RP1=0, select bank1
   890  00B0  139F               	bcf	31,7	;volatile
   891  00B1                     l774:
   892                           
   893                           ;ADC.c: 30:             ADCON1bits.VCFG1 = 0;
   894  00B1  129F               	bcf	31,5	;volatile
   895  00B2                     l776:
   896                           
   897                           ;ADC.c: 31:             ADCON1bits.VCFG0 = 0;
   898  00B2  121F               	bcf	31,4	;volatile
   899                           
   900                           ;ADC.c: 32:             break;
   901  00B3  28F0               	goto	l97
   902  00B4                     l778:
   903                           
   904                           ;ADC.c: 35:             ADCON0bits.CHS = 0;
   905  00B4  30C3               	movlw	-61
   906  00B5  1283               	bcf	3,5	;RP0=0, select bank0
   907  00B6  1303               	bcf	3,6	;RP1=0, select bank0
   908  00B7  059F               	andwf	31,f	;volatile
   909  00B8                     l780:
   910                           
   911                           ;ADC.c: 36:             _delay((unsigned long)((100)*(4000000/4000000.0)));
   912  00B8  3021               	movlw	33
   913  00B9  00F3               	movwf	??_ADC_config
   914  00BA                     u207:
   915  00BA  0BF3               	decfsz	??_ADC_config,f
   916  00BB  28BA               	goto	u207
   917  00BC                     l782:
   918                           
   919                           ;ADC.c: 38:             ADCON0bits.ADCS0 = 0;
   920  00BC  1283               	bcf	3,5	;RP0=0, select bank0
   921  00BD  1303               	bcf	3,6	;RP1=0, select bank0
   922  00BE  131F               	bcf	31,6	;volatile
   923  00BF                     l784:
   924                           
   925                           ;ADC.c: 39:             ADCON0bits.ADCS1 = 1;
   926  00BF  179F               	bsf	31,7	;volatile
   927  00C0                     l786:
   928                           
   929                           ;ADC.c: 40:             ADCON0bits.ADON = 1;
   930  00C0  141F               	bsf	31,0	;volatile
   931  00C1                     l788:
   932                           
   933                           ;ADC.c: 41:             ADCON1bits.ADFM = 0;
   934  00C1  1683               	bsf	3,5	;RP0=1, select bank1
   935  00C2  1303               	bcf	3,6	;RP1=0, select bank1
   936  00C3  139F               	bcf	31,7	;volatile
   937  00C4                     l790:
   938                           
   939                           ;ADC.c: 42:             ADCON1bits.VCFG1 = 0;
   940  00C4  129F               	bcf	31,5	;volatile
   941  00C5                     l792:
   942                           
   943                           ;ADC.c: 43:             ADCON1bits.VCFG0 = 0;
   944  00C5  121F               	bcf	31,4	;volatile
   945                           
   946                           ;ADC.c: 44:             break;
   947  00C6  28F0               	goto	l97
   948  00C7                     l794:
   949                           
   950                           ;ADC.c: 47:             ADCON0bits.CHS = 0;
   951  00C7  30C3               	movlw	-61
   952  00C8  1283               	bcf	3,5	;RP0=0, select bank0
   953  00C9  1303               	bcf	3,6	;RP1=0, select bank0
   954  00CA  059F               	andwf	31,f	;volatile
   955  00CB                     l796:
   956                           
   957                           ;ADC.c: 48:             _delay((unsigned long)((100)*(4000000/4000000.0)));
   958  00CB  3021               	movlw	33
   959  00CC  00F3               	movwf	??_ADC_config
   960  00CD                     u217:
   961  00CD  0BF3               	decfsz	??_ADC_config,f
   962  00CE  28CD               	goto	u217
   963  00CF                     l798:
   964                           
   965                           ;ADC.c: 50:             ADCON0bits.ADCS0 = 1;
   966  00CF  1283               	bcf	3,5	;RP0=0, select bank0
   967  00D0  1303               	bcf	3,6	;RP1=0, select bank0
   968  00D1  171F               	bsf	31,6	;volatile
   969  00D2                     l800:
   970                           
   971                           ;ADC.c: 51:             ADCON0bits.ADCS1 = 1;
   972  00D2  179F               	bsf	31,7	;volatile
   973  00D3                     l802:
   974                           
   975                           ;ADC.c: 52:             ADCON0bits.ADON = 1;
   976  00D3  141F               	bsf	31,0	;volatile
   977  00D4                     l804:
   978                           
   979                           ;ADC.c: 53:             ADCON1bits.ADFM = 0;
   980  00D4  1683               	bsf	3,5	;RP0=1, select bank1
   981  00D5  1303               	bcf	3,6	;RP1=0, select bank1
   982  00D6  139F               	bcf	31,7	;volatile
   983  00D7                     l806:
   984                           
   985                           ;ADC.c: 54:             ADCON1bits.VCFG1 = 0;
   986  00D7  129F               	bcf	31,5	;volatile
   987  00D8                     l808:
   988                           
   989                           ;ADC.c: 55:             ADCON1bits.VCFG0 = 0;
   990  00D8  121F               	bcf	31,4	;volatile
   991                           
   992                           ;ADC.c: 56:             break;
   993  00D9  28F0               	goto	l97
   994  00DA                     l812:
   995  00DA  0875               	movf	ADC_config@frecuencia,w
   996  00DB  00F3               	movwf	??_ADC_config
   997  00DC  01F4               	clrf	??_ADC_config+1
   998                           
   999                           ; Switch on 2 bytes has been partitioned into a top level switch of size 1, and 1 sub-sw
      +                          itches
  1000                           ; Switch size 1, requested type "simple"
  1001                           ; Number of cases is 1, Range of values is 0 to 0
  1002                           ; switch strategies available:
  1003                           ; Name         Instructions Cycles
  1004                           ; simple_byte            4     3 (average)
  1005                           ; direct_byte           11     8 (fixed)
  1006                           ; jumptable            260     6 (fixed)
  1007                           ;	Chosen strategy is simple_byte
  1008  00DD  0874               	movf	??_ADC_config+1,w
  1009  00DE  3A00               	xorlw	0	; case 0
  1010  00DF  1903               	skipnz
  1011  00E0  28E2               	goto	l984
  1012  00E1  28F0               	goto	l97
  1013  00E2                     l984:
  1014                           
  1015                           ; Switch size 1, requested type "simple"
  1016                           ; Number of cases is 4, Range of values is 0 to 3
  1017                           ; switch strategies available:
  1018                           ; Name         Instructions Cycles
  1019                           ; simple_byte           13     7 (average)
  1020                           ; direct_byte           20     8 (fixed)
  1021                           ; jumptable            260     6 (fixed)
  1022                           ;	Chosen strategy is simple_byte
  1023  00E2  0873               	movf	??_ADC_config,w
  1024  00E3  3A00               	xorlw	0	; case 0
  1025  00E4  1903               	skipnz
  1026  00E5  288E               	goto	l746
  1027  00E6  3A01               	xorlw	1	; case 1
  1028  00E7  1903               	skipnz
  1029  00E8  28A1               	goto	l762
  1030  00E9  3A03               	xorlw	3	; case 2
  1031  00EA  1903               	skipnz
  1032  00EB  28B4               	goto	l778
  1033  00EC  3A01               	xorlw	1	; case 3
  1034  00ED  1903               	skipnz
  1035  00EE  28C7               	goto	l794
  1036  00EF  28F0               	goto	l97
  1037  00F0                     l97:
  1038  00F0  0008               	return
  1039  00F1                     __end_of_ADC_config:
  1040                           
  1041                           	psect	text4
  1042  0015                     __ptext4:	
  1043 ;; *************** function _isr *****************
  1044 ;; Defined at:
  1045 ;;		line 52 in file "P1_main_S1.c"
  1046 ;; Parameters:    Size  Location     Type
  1047 ;;		None
  1048 ;; Auto vars:     Size  Location     Type
  1049 ;;		None
  1050 ;; Return value:  Size  Location     Type
  1051 ;;                  1    wreg      void 
  1052 ;; Registers used:
  1053 ;;		wreg, status,2, status,0
  1054 ;; Tracked objects:
  1055 ;;		On entry : 0/0
  1056 ;;		On exit  : 0/0
  1057 ;;		Unchanged: 0/0
  1058 ;; Data sizes:     COMMON   BANK0   BANK1   BANK3   BANK2
  1059 ;;      Params:         0       0       0       0       0
  1060 ;;      Locals:         0       0       0       0       0
  1061 ;;      Temps:          3       0       0       0       0
  1062 ;;      Totals:         3       0       0       0       0
  1063 ;;Total ram usage:        3 bytes
  1064 ;; Hardware stack levels used:    1
  1065 ;; This function calls:
  1066 ;;		Nothing
  1067 ;; This function is called by:
  1068 ;;		Interrupt level 1
  1069 ;; This function uses a non-reentrant model
  1070 ;;
  1071                           
  1072                           
  1073                           ;psect for function _isr
  1074  0015                     _isr:
  1075  0015                     i1l874:
  1076                           
  1077                           ;P1_main_S1.c: 56:        if(PIR1bits.ADIF == 1)
  1078  0015  1283               	bcf	3,5	;RP0=0, select bank0
  1079  0016  1303               	bcf	3,6	;RP1=0, select bank0
  1080  0017  1F0C               	btfss	12,6	;volatile
  1081  0018  281A               	goto	u3_21
  1082  0019  281B               	goto	u3_20
  1083  001A                     u3_21:
  1084  001A  282B               	goto	i1l882
  1085  001B                     u3_20:
  1086  001B                     i1l876:
  1087                           
  1088                           ;P1_main_S1.c: 57:        {;P1_main_S1.c: 58:            if(ADCON0bits.CHS == 0) {
  1089  001B  0C1F               	rrf	31,w	;volatile
  1090  001C  00F0               	movwf	??_isr
  1091  001D  0C70               	rrf	??_isr,w
  1092  001E  390F               	andlw	15
  1093  001F  3A00               	xorlw	0
  1094  0020  1D03               	skipz
  1095  0021  2823               	goto	u4_21
  1096  0022  2824               	goto	u4_20
  1097  0023                     u4_21:
  1098  0023  282A               	goto	i1l880
  1099  0024                     u4_20:
  1100  0024                     i1l878:
  1101                           
  1102                           ;P1_main_S1.c: 59:                PORTB = ADRESH;
  1103  0024  081E               	movf	30,w	;volatile
  1104  0025  0086               	movwf	6	;volatile
  1105                           
  1106                           ;P1_main_S1.c: 60:                voltage = ADRESH;
  1107  0026  081E               	movf	30,w	;volatile
  1108  0027  00F0               	movwf	??_isr
  1109  0028  0870               	movf	??_isr,w
  1110  0029  00F8               	movwf	_voltage
  1111  002A                     i1l880:
  1112                           
  1113                           ;P1_main_S1.c: 62:            PIR1bits.ADIF = 0;
  1114  002A  130C               	bcf	12,6	;volatile
  1115  002B                     i1l882:
  1116                           
  1117                           ;P1_main_S1.c: 65:     if(PIR1bits.SSPIF == 1){
  1118  002B  1D8C               	btfss	12,3	;volatile
  1119  002C  282E               	goto	u5_21
  1120  002D  282F               	goto	u5_20
  1121  002E                     u5_21:
  1122  002E  2885               	goto	i1l70
  1123  002F                     u5_20:
  1124  002F                     i1l884:
  1125                           
  1126                           ;P1_main_S1.c: 67:         SSPCONbits.CKP = 0;
  1127  002F  1214               	bcf	20,4	;volatile
  1128                           
  1129                           ;P1_main_S1.c: 69:     if ((SSPCONbits.SSPOV) || (SSPCONbits.WCOL)){
  1130  0030  1B14               	btfsc	20,6	;volatile
  1131  0031  2833               	goto	u6_21
  1132  0032  2834               	goto	u6_20
  1133  0033                     u6_21:
  1134  0033  2838               	goto	i1l888
  1135  0034                     u6_20:
  1136  0034                     i1l886:
  1137  0034  1F94               	btfss	20,7	;volatile
  1138  0035  2837               	goto	u7_21
  1139  0036  2838               	goto	u7_20
  1140  0037                     u7_21:
  1141  0037  283F               	goto	i1l896
  1142  0038                     u7_20:
  1143  0038                     i1l888:
  1144                           
  1145                           ;P1_main_S1.c: 70:         var = SSPBUF;
  1146  0038  0813               	movf	19,w	;volatile
  1147  0039  00F0               	movwf	??_isr
  1148  003A  0870               	movf	??_isr,w
  1149  003B  00F9               	movwf	_var
  1150  003C                     i1l890:
  1151                           
  1152                           ;P1_main_S1.c: 71:         SSPCONbits.SSPOV = 0;
  1153  003C  1314               	bcf	20,6	;volatile
  1154  003D                     i1l892:
  1155                           
  1156                           ;P1_main_S1.c: 72:         SSPCONbits.WCOL = 0;
  1157  003D  1394               	bcf	20,7	;volatile
  1158  003E                     i1l894:
  1159                           
  1160                           ;P1_main_S1.c: 73:         SSPCONbits.CKP = 1;
  1161  003E  1614               	bsf	20,4	;volatile
  1162  003F                     i1l896:
  1163                           
  1164                           ;P1_main_S1.c: 76:     if(!SSPSTATbits.D_nA && !SSPSTATbits.R_nW) {
  1165  003F  1683               	bsf	3,5	;RP0=1, select bank1
  1166  0040  1303               	bcf	3,6	;RP1=0, select bank1
  1167  0041  1A94               	btfsc	20,5	;volatile
  1168  0042  2844               	goto	u8_21
  1169  0043  2845               	goto	u8_20
  1170  0044                     u8_21:
  1171  0044  2862               	goto	i1l61
  1172  0045                     u8_20:
  1173  0045                     i1l898:
  1174  0045  1914               	btfsc	20,2	;volatile
  1175  0046  2848               	goto	u9_21
  1176  0047  2849               	goto	u9_20
  1177  0048                     u9_21:
  1178  0048  2862               	goto	i1l61
  1179  0049                     u9_20:
  1180  0049                     i1l900:
  1181                           
  1182                           ;P1_main_S1.c: 77:         var = SSPBUF;
  1183  0049  1283               	bcf	3,5	;RP0=0, select bank0
  1184  004A  1303               	bcf	3,6	;RP1=0, select bank0
  1185  004B  0813               	movf	19,w	;volatile
  1186  004C  00F0               	movwf	??_isr
  1187  004D  0870               	movf	??_isr,w
  1188  004E  00F9               	movwf	_var
  1189  004F                     i1l902:
  1190                           
  1191                           ;P1_main_S1.c: 78:         PIR1bits.SSPIF = 0;
  1192  004F  118C               	bcf	12,3	;volatile
  1193  0050                     i1l904:
  1194                           
  1195                           ;P1_main_S1.c: 79:         SSPCONbits.CKP = 1;
  1196  0050  1614               	bsf	20,4	;volatile
  1197  0051                     i1l62:	
  1198                           ;P1_main_S1.c: 80:         while(!SSPSTATbits.BF);
  1199                           
  1200  0051  1683               	bsf	3,5	;RP0=1, select bank1
  1201  0052  1303               	bcf	3,6	;RP1=0, select bank1
  1202  0053  1C14               	btfss	20,0	;volatile
  1203  0054  2856               	goto	u10_21
  1204  0055  2857               	goto	u10_20
  1205  0056                     u10_21:
  1206  0056  2851               	goto	i1l62
  1207  0057                     u10_20:
  1208  0057                     i1l906:
  1209                           
  1210                           ;P1_main_S1.c: 81:         voltage = SSPBUF;
  1211  0057  1283               	bcf	3,5	;RP0=0, select bank0
  1212  0058  1303               	bcf	3,6	;RP1=0, select bank0
  1213  0059  0813               	movf	19,w	;volatile
  1214  005A  00F0               	movwf	??_isr
  1215  005B  0870               	movf	??_isr,w
  1216  005C  00F8               	movwf	_voltage
  1217                           
  1218                           ;P1_main_S1.c: 82:         _delay((unsigned long)((250)*(4000000/4000000.0)));
  1219  005D  3053               	movlw	83
  1220  005E  00F0               	movwf	??_isr
  1221  005F                     u22_27:
  1222  005F  0BF0               	decfsz	??_isr,f
  1223  0060  285F               	goto	u22_27
  1224                           
  1225                           ;P1_main_S1.c: 83:             }
  1226  0061  2882               	goto	i1l65
  1227  0062                     i1l61:	
  1228                           ;P1_main_S1.c: 85:         else if(!SSPSTATbits.D_nA && SSPSTATbits.R_nW){
  1229                           
  1230  0062  1A94               	btfsc	20,5	;volatile
  1231  0063  2865               	goto	u11_21
  1232  0064  2866               	goto	u11_20
  1233  0065                     u11_21:
  1234  0065  2882               	goto	i1l65
  1235  0066                     u11_20:
  1236  0066                     i1l908:
  1237  0066  1D14               	btfss	20,2	;volatile
  1238  0067  2869               	goto	u12_21
  1239  0068  286A               	goto	u12_20
  1240  0069                     u12_21:
  1241  0069  2882               	goto	i1l65
  1242  006A                     u12_20:
  1243  006A                     i1l910:
  1244                           
  1245                           ;P1_main_S1.c: 86:         var = SSPBUF;
  1246  006A  1283               	bcf	3,5	;RP0=0, select bank0
  1247  006B  1303               	bcf	3,6	;RP1=0, select bank0
  1248  006C  0813               	movf	19,w	;volatile
  1249  006D  00F0               	movwf	??_isr
  1250  006E  0870               	movf	??_isr,w
  1251  006F  00F9               	movwf	_var
  1252  0070                     i1l912:
  1253                           
  1254                           ;P1_main_S1.c: 87:         BF = 0;
  1255  0070  1683               	bsf	3,5	;RP0=1, select bank1
  1256  0071  1303               	bcf	3,6	;RP1=0, select bank1
  1257  0072  1014               	bcf	20,0	;volatile
  1258                           
  1259                           ;P1_main_S1.c: 88:         SSPBUF = voltage;
  1260  0073  0878               	movf	_voltage,w
  1261  0074  1283               	bcf	3,5	;RP0=0, select bank0
  1262  0075  1303               	bcf	3,6	;RP1=0, select bank0
  1263  0076  0093               	movwf	19	;volatile
  1264  0077                     i1l914:
  1265                           
  1266                           ;P1_main_S1.c: 89:         SSPCONbits.CKP = 1;
  1267  0077  1614               	bsf	20,4	;volatile
  1268                           
  1269                           ;P1_main_S1.c: 90:         _delay((unsigned long)((250)*(4000000/4000000.0)));
  1270  0078  3053               	movlw	83
  1271  0079  00F0               	movwf	??_isr
  1272  007A                     u23_27:
  1273  007A  0BF0               	decfsz	??_isr,f
  1274  007B  287A               	goto	u23_27
  1275  007C                     i1l67:	
  1276                           ;P1_main_S1.c: 92:         while(SSPSTATbits.BF);
  1277                           
  1278  007C  1683               	bsf	3,5	;RP0=1, select bank1
  1279  007D  1303               	bcf	3,6	;RP1=0, select bank1
  1280  007E  1814               	btfsc	20,0	;volatile
  1281  007F  2881               	goto	u13_21
  1282  0080  2882               	goto	u13_20
  1283  0081                     u13_21:
  1284  0081  287C               	goto	i1l67
  1285  0082                     u13_20:
  1286  0082                     i1l65:
  1287                           
  1288                           ;P1_main_S1.c: 95:         PIR1bits.SSPIF = 0;
  1289  0082  1283               	bcf	3,5	;RP0=0, select bank0
  1290  0083  1303               	bcf	3,6	;RP1=0, select bank0
  1291  0084  118C               	bcf	12,3	;volatile
  1292  0085                     i1l70:
  1293  0085  0872               	movf	??_isr+2,w
  1294  0086  008A               	movwf	10
  1295  0087  0E71               	swapf	??_isr+1,w
  1296  0088  0083               	movwf	3
  1297  0089  0EFE               	swapf	btemp,f
  1298  008A  0E7E               	swapf	btemp,w
  1299  008B  0009               	retfie
  1300  008C                     __end_of_isr:
  1301  007E                     btemp	set	126	;btemp
  1302  007E                     wtemp0	set	126
  1303                           
  1304                           	psect	intentry
  1305  0004                     __pintentry:	
  1306                           ;incstack = 0
  1307                           ; Regs used in _isr: [wreg+status,2+status,0]
  1308                           
  1309  0004                     interrupt_function:
  1310  007E                     saved_w	set	btemp
  1311  0004  00FE               	movwf	btemp
  1312  0005  0E03               	swapf	3,w
  1313  0006  00F1               	movwf	??_isr+1
  1314  0007  080A               	movf	10,w
  1315  0008  00F2               	movwf	??_isr+2
  1316  0009  120A  118A  2815   	ljmp	_isr
  1317                           
  1318                           	psect	config
  1319                           
  1320                           ;Config register CONFIG1 @ 0x2007
  1321                           ;	Oscillator Selection bits
  1322                           ;	FOSC = INTRC_NOCLKOUT, INTOSCIO oscillator: I/O function on RA6/OSC2/CLKOUT pin, I/O f
      +                          unction on RA7/OSC1/CLKIN
  1323                           ;	Watchdog Timer Enable bit
  1324                           ;	WDTE = OFF, WDT disabled and can be enabled by SWDTEN bit of the WDTCON register
  1325                           ;	Power-up Timer Enable bit
  1326                           ;	PWRTE = OFF, PWRT disabled
  1327                           ;	RE3/MCLR pin function select bit
  1328                           ;	MCLRE = OFF, RE3/MCLR pin function is digital input, MCLR internally tied to VDD
  1329                           ;	Code Protection bit
  1330                           ;	CP = OFF, Program memory code protection is disabled
  1331                           ;	Data Code Protection bit
  1332                           ;	CPD = OFF, Data memory code protection is disabled
  1333                           ;	Brown Out Reset Selection bits
  1334                           ;	BOREN = OFF, BOR disabled
  1335                           ;	Internal External Switchover bit
  1336                           ;	IESO = OFF, Internal/External Switchover mode is disabled
  1337                           ;	Fail-Safe Clock Monitor Enabled bit
  1338                           ;	FCMEN = OFF, Fail-Safe Clock Monitor is disabled
  1339                           ;	Low Voltage Programming Enable bit
  1340                           ;	LVP = OFF, RB3 pin has digital I/O, HV on MCLR must be used for programming
  1341                           ;	In-Circuit Debugger Mode bit
  1342                           ;	DEBUG = 0x1, unprogrammed default
  1343  2007                     	org	8199
  1344  2007  20D4               	dw	8404
  1345                           
  1346                           ;Config register CONFIG2 @ 0x2008
  1347                           ;	Brown-out Reset Selection bit
  1348                           ;	BOR4V = BOR40V, Brown-out Reset set to 4.0V
  1349                           ;	Flash Program Memory Self Write Enable bits
  1350                           ;	WRT = OFF, Write protection off
  1351  2008                     	org	8200
  1352  2008  3FFF               	dw	16383

Data Sizes:
    Strings     0
    Constant    0
    Data        0
    BSS         2
    Persistent  0
    Stack       0

Auto Spaces:
    Space          Size  Autos    Used
    COMMON           14      8      10
    BANK0            80      0       0
    BANK1            80      0       0
    BANK3            96      0       0
    BANK2            96      0       0

Pointer List with Targets:

    None.

Critical Paths under _main in COMMON

    _setup->_ADC_config

Critical Paths under _isr in COMMON

    None.

Critical Paths under _main in BANK0

    None.

Critical Paths under _isr in BANK0

    None.

Critical Paths under _main in BANK1

    None.

Critical Paths under _isr in BANK1

    None.

Critical Paths under _main in BANK3

    None.

Critical Paths under _isr in BANK3

    None.

Critical Paths under _main in BANK2

    None.

Critical Paths under _isr in BANK2

    None.

Call Graph Tables:

 ---------------------------------------------------------------------------------
 (Depth) Function   	        Calls       Base Space   Used Autos Params    Refs
 ---------------------------------------------------------------------------------
 (0) _main                                                 2     2      0      30
                                              6 COMMON     2     2      0
                              _setup
 ---------------------------------------------------------------------------------
 (1) _setup                                                0     0      0      30
                         _ADC_config
                     _I2C_Slave_Init
 ---------------------------------------------------------------------------------
 (2) _I2C_Slave_Init                                       1     1      0      15
                                              3 COMMON     1     1      0
 ---------------------------------------------------------------------------------
 (2) _ADC_config                                           3     3      0      15
                                              3 COMMON     3     3      0
 ---------------------------------------------------------------------------------
 Estimated maximum stack depth 2
 ---------------------------------------------------------------------------------
 (Depth) Function   	        Calls       Base Space   Used Autos Params    Refs
 ---------------------------------------------------------------------------------
 (3) _isr                                                  3     3      0       0
                                              0 COMMON     3     3      0
 ---------------------------------------------------------------------------------
 Estimated maximum stack depth 3
 ---------------------------------------------------------------------------------

 Call Graph Graphs:

 _main (ROOT)
   _setup
     _ADC_config
     _I2C_Slave_Init

 _isr (ROOT)

 Address spaces:
Name               Size   Autos  Total    Cost      Usage
BITCOMMON            E      0       0       0        0.0%
EEDATA             100      0       0       0        0.0%
NULL                 0      0       0       0        0.0%
CODE                 0      0       0       0        0.0%
COMMON               E      8       A       1       71.4%
BITSFR0              0      0       0       1        0.0%
SFR0                 0      0       0       1        0.0%
BITSFR1              0      0       0       2        0.0%
SFR1                 0      0       0       2        0.0%
STACK                0      0       0       2        0.0%
ABS                  0      0       A       3        0.0%
BITBANK0            50      0       0       4        0.0%
BITSFR3              0      0       0       4        0.0%
SFR3                 0      0       0       4        0.0%
BANK0               50      0       0       5        0.0%
BITSFR2              0      0       0       5        0.0%
SFR2                 0      0       0       5        0.0%
BITBANK1            50      0       0       6        0.0%
BANK1               50      0       0       7        0.0%
BITBANK3            60      0       0       8        0.0%
BANK3               60      0       0       9        0.0%
BITBANK2            60      0       0      10        0.0%
BANK2               60      0       0      11        0.0%
DATA                 0      0       A      12        0.0%


Microchip Technology PIC Macro Assembler V2.31 build 20201012212115 
Symbol Table                                                                                   Wed Sep 08 10:07:51 2021

            _SSPSTATbits 0094                       _BF 04A0                       l82 0119  
                     l97 00F0                      l152 014E                      l800 00D2  
                    l802 00D3                      l804 00D4                      l812 00DA  
                    l820 0144                      l806 00D7                      l750 0096  
                    l830 014B                      l822 0145                      l808 00D8  
                    l760 009F                      l752 0099                      l744 008D  
                    l824 0146                      l840 00FA                      l832 00F1  
                    l920 0125                      l770 00AD                      l762 00A1  
                    l754 009A                      l746 008E                      l826 0147  
                    l818 0136                      l850 0101                      l842 00FD  
                    l834 00F5                      l922 012E                      l780 00B8  
                    l772 00AE                      l764 00A5                      l756 009B  
                    l748 0092                      l828 0148                      l860 0108  
                    l852 0104                      l844 00FE                      l836 00F6  
                    l916 011A                      l790 00C4                      l782 00BC  
                    l774 00B1                      l766 00A9                      l758 009E  
                    l862 010B                      l854 0105                      l846 00FF  
                    l838 00F9                      l918 011F                      l792 00C5  
                    l784 00BF                      l776 00B2                      l768 00AC  
                    l864 010C                      l856 0106                      l848 0100  
                    l794 00C7                      l786 00C0                      l778 00B4  
                    l866 010D                      l858 0107                      l796 00CB  
                    l788 00C1                      l868 0113                      l798 00CF  
                    l984 00E2                      _GIE 005F                      u140 0125  
                    u141 0124                      u207 00BA                      u217 00CD  
                    u177 0129                      u187 0094                      u197 00A7  
                    _isr 0015                      _var 0079      __size_of_ADC_config 0065  
                   ?_isr 0070                     _PEIE 005E                     i1l61 0062  
                   i1l62 0051                     i1l70 0085                     i1l65 0082  
                   i1l67 007C                     u3_20 001B                     u3_21 001A  
                   u4_20 0024                     u4_21 0023                     u5_20 002F  
                   u5_21 002E                     u6_20 0034                     u6_21 0033  
                   u7_20 0038                     u7_21 0037                     u8_20 0045  
                   u8_21 0044                     u9_20 0049                     u9_21 0048  
                   _main 011A                     btemp 007E                     start 000C  
                  ??_isr 0070                    ?_main 0070                    _ANSEL 0188  
                  i1l900 0049                    i1l910 006A                    i1l902 004F  
                  i1l912 0070                    i1l904 0050                    i1l914 0077  
                  i1l906 0057                    i1l908 0066                    i1l880 002A  
                  i1l890 003C                    i1l882 002B                    i1l874 0015  
                  i1l892 003D                    i1l884 002F                    i1l876 001B  
                  i1l894 003E                    i1l886 0034                    i1l878 0024  
                  i1l896 003F                    i1l888 0038                    i1l898 0045  
                  u10_20 0057                    u10_21 0056                    u11_20 0066  
                  u11_21 0065                    u12_20 006A                    u12_21 0069  
                  u13_20 0082                    u13_21 0081                    u22_27 005F  
                  u23_27 007A                    _PORTA 0005                    _PORTB 0006  
                  _PORTC 0007                    _PORTD 0008                    _PORTE 0009  
                  _TRISB 0086                    _SSPIE 0463                    _SSPIF 0063  
                  _setup 00F1                    pclath 000A                    status 0003  
                  wtemp0 007E          __initialization 000F             __end_of_main 0135  
                 ??_main 0076                   _ADRESH 001E                   ?_setup 0070  
                 _ANSELH 0189                   _SSPADD 0093                   _TRISC3 043B  
                 _TRISC4 043C                   _SSPBUF 0013                   _SSPCON 0014  
           ??_ADC_config 0073                   saved_w 007E       __end_of_ADC_config 00F1  
__end_of__initialization 0011           __pcstackCOMMON 0070  __size_of_I2C_Slave_Init 001A  
          __end_of_setup 011A                  ??_setup 0076    I2C_Slave_Init@address 0073  
             __pmaintext 011A               __pintentry 0004                  _SSPCON2 0091  
                _SSPSTAT 0094                  __ptext1 00F1                  __ptext2 0135  
                __ptext3 008C                  __ptext4 0015             __size_of_isr 0077  
                _voltage 0078     end_of_initialization 0011           _I2C_Slave_Init 0135  
              _TRISAbits 0085                _TRISCbits 0087   __end_of_I2C_Slave_Init 014F  
    start_initialization 000F              __end_of_isr 008C          ?_I2C_Slave_Init 0070  
            __pbssCOMMON 0078                ___latbits 0002     ADC_config@frecuencia 0075  
         __size_of_setup 0029        interrupt_function 0004                 _PIE1bits 008C  
               _PIR1bits 000C               _ADCON0bits 001F               _ADCON1bits 009F  
             _ADC_config 008C         ??_I2C_Slave_Init 0073            __size_of_main 001B  
             _INTCONbits 000B                 intlevel1 0000               _OSCCONbits 008F  
            ?_ADC_config 0070              _SSPCON2bits 0091               _SSPCONbits 0014  
